#
# There is insufficient memory for the Java Runtime Environment to continue.
# Native memory allocation (malloc) failed to allocate 262160 bytes for Chunk::new
# Possible reasons:
#   The system is out of physical RAM or swap space
#   In 32 bit mode, the process size limit was hit
# Possible solutions:
#   Reduce memory load on the system
#   Increase physical memory or swap space
#   Check if swap backing store is full
#   Use 64 bit Java on a 64 bit OS
#   Decrease Java heap size (-Xmx/-Xms)
#   Decrease number of Java threads
#   Decrease Java thread stack sizes (-Xss)
#   Set larger code cache with -XX:ReservedCodeCacheSize=
# This output file may be truncated or incomplete.
#
#  Out of Memory Error (allocation.cpp:390), pid=6736, tid=136
#
# JRE version: Java(TM) SE Runtime Environment (8.0_45-b15) (build 1.8.0_45-b15)
# Java VM: Java HotSpot(TM) 64-Bit Server VM (25.45-b02 mixed mode windows-amd64 compressed oops)
# Failed to write core dump. Minidumps are not enabled by default on client versions of Windows
#

---------------  T H R E A D  ---------------

Current thread (0x0000000014d3c000):  JavaThread "C2 CompilerThread0" daemon [_thread_in_native, id=136, stack(0x00000000162b0000,0x00000000163b0000)]

Stack: [0x00000000162b0000,0x00000000163b0000]
Native frames: (J=compiled Java code, j=interpreted, Vv=VM code, C=native code)
V  [jvm.dll+0x32b57a]


Current CompileTask:
C2:  19078 1273   !   4       com.android.dx.cf.code.BytecodeArray::parseInstruction (2764 bytes)


---------------  P R O C E S S  ---------------

Java Threads: ( => current thread )
  0x0000000016820000 JavaThread "pool-1-thread-4" [_thread_in_native, id=4208, stack(0x0000000016fb0000,0x00000000170b0000)]
  0x000000001681f800 JavaThread "pool-1-thread-3" [_thread_blocked, id=4596, stack(0x0000000016eb0000,0x0000000016fb0000)]
  0x000000001681e800 JavaThread "pool-1-thread-2" [_thread_blocked, id=4920, stack(0x0000000016db0000,0x0000000016eb0000)]
  0x0000000016816800 JavaThread "pool-2-thread-1" [_thread_blocked, id=3592, stack(0x0000000016cb0000,0x0000000016db0000)]
  0x0000000016809800 JavaThread "pool-1-thread-1" [_thread_blocked, id=7096, stack(0x0000000016bb0000,0x0000000016cb0000)]
  0x00000000165cc800 JavaThread "Service Thread" daemon [_thread_blocked, id=3296, stack(0x00000000169b0000,0x0000000016ab0000)]
  0x0000000014d90800 JavaThread "C1 CompilerThread2" daemon [_thread_in_native, id=4508, stack(0x00000000164b0000,0x00000000165b0000)]
  0x0000000014d40000 JavaThread "C2 CompilerThread1" daemon [_thread_in_native, id=2792, stack(0x00000000163b0000,0x00000000164b0000)]
=>0x0000000014d3c000 JavaThread "C2 CompilerThread0" daemon [_thread_in_native, id=136, stack(0x00000000162b0000,0x00000000163b0000)]
  0x0000000014d3a800 JavaThread "Attach Listener" daemon [_thread_blocked, id=4940, stack(0x00000000161b0000,0x00000000162b0000)]
  0x0000000014d39800 JavaThread "Signal Dispatcher" daemon [_thread_blocked, id=4244, stack(0x00000000160b0000,0x00000000161b0000)]
  0x0000000002660800 JavaThread "Finalizer" daemon [_thread_blocked, id=5984, stack(0x0000000015fb0000,0x00000000160b0000)]
  0x000000000265d000 JavaThread "Reference Handler" daemon [_thread_blocked, id=3416, stack(0x0000000015eb0000,0x0000000015fb0000)]
  0x0000000002570800 JavaThread "main" [_thread_blocked, id=3080, stack(0x00000000023c0000,0x00000000024c0000)]

Other Threads:
  0x0000000014d07800 VMThread [stack: 0x0000000015db0000,0x0000000015eb0000] [id=4944]
  0x00000000165cd800 WatcherThread [stack: 0x0000000016ab0000,0x0000000016bb0000] [id=5540]

VM state:not at safepoint (normal execution)

VM Mutex/Monitor currently owned by a thread: None

Heap:
 PSYoungGen      total 35328K, used 13418K [0x00000000eab00000, 0x00000000ed000000, 0x0000000100000000)
  eden space 32768K, 33% used [0x00000000eab00000,0x00000000eb5a1390,0x00000000ecb00000)
  from space 2560K, 98% used [0x00000000ecb00000,0x00000000ecd797d8,0x00000000ecd80000)
  to   space 2560K, 0% used [0x00000000ecd80000,0x00000000ecd80000,0x00000000ed000000)
 ParOldGen       total 44032K, used 9592K [0x00000000c0000000, 0x00000000c2b00000, 0x00000000eab00000)
  object space 44032K, 21% used [0x00000000c0000000,0x00000000c095e148,0x00000000c2b00000)
 Metaspace       used 5928K, capacity 6960K, committed 7040K, reserved 1056768K
  class space    used 585K, capacity 616K, committed 640K, reserved 1048576K

Card table byte_map: [0x0000000011a30000,0x0000000011c40000] byte_map_base: 0x0000000011430000

Marking Bits: (ParMarkBitMap*) 0x0000000071f34040
 Begin Bits: [0x00000000121a0000, 0x00000000131a0000)
 End Bits:   [0x00000000131a0000, 0x00000000141a0000)

Polling page: 0x0000000000b50000

CodeCache: size=245760Kb used=5216Kb max_used=5216Kb free=240543Kb
 bounds [0x0000000002670000, 0x0000000002b90000, 0x0000000011670000]
 total_blobs=1586 nmethods=1316 adapters=182
 compilation: enabled

Compilation events (10 events):
Event: 18.409 Thread 0x0000000014d90800 1284       3       com.android.dx.rop.cst.TypedConstant::getBasicType (8 bytes)
Event: 18.409 Thread 0x0000000014d90800 nmethod 1284 0x0000000002b61e90 code [0x0000000002b62000, 0x0000000002b622a8]
Event: 18.409 Thread 0x0000000014d90800 1286  s    3       com.android.dx.dex.file.MethodIdsSection::intern (55 bytes)
Event: 18.410 Thread 0x0000000014d40000 nmethod 1290 0x0000000002b6b790 code [0x0000000002b6b8c0, 0x0000000002b6b958]
Event: 18.410 Thread 0x0000000014d40000 1291       4       java.lang.Object::equals (11 bytes)
Event: 18.410 Thread 0x0000000014d40000 nmethod 1291 0x0000000002b2bd50 code [0x0000000002b2be80, 0x0000000002b2bef8]
Event: 18.411 Thread 0x0000000014d90800 nmethod 1286 0x0000000002b69010 code [0x0000000002b69240, 0x0000000002b69f48]
Event: 18.411 Thread 0x0000000014d90800 1293       3       com.android.dx.ssa.SsaMethod::makeExitBlock (134 bytes)
Event: 18.414 Thread 0x0000000014d90800 nmethod 1293 0x0000000002b6ba10 code [0x0000000002b6bca0, 0x0000000002b6cca8]
Event: 18.414 Thread 0x0000000014d90800 1294       3       com.android.dx.ssa.PhiTypeResolver::run (179 bytes)

GC Heap History (2 events):
Event: 16.759 GC heap before
{Heap before GC invocations=1 (full 0):
 PSYoungGen      total 18944K, used 16384K [0x00000000eab00000, 0x00000000ec000000, 0x0000000100000000)
  eden space 16384K, 100% used [0x00000000eab00000,0x00000000ebb00000,0x00000000ebb00000)
  from space 2560K, 0% used [0x00000000ebd80000,0x00000000ebd80000,0x00000000ec000000)
  to   space 2560K, 0% used [0x00000000ebb00000,0x00000000ebb00000,0x00000000ebd80000)
 ParOldGen       total 44032K, used 0K [0x00000000c0000000, 0x00000000c2b00000, 0x00000000eab00000)
  object space 44032K, 0% used [0x00000000c0000000,0x00000000c0000000,0x00000000c2b00000)
 Metaspace       used 5646K, capacity 6768K, committed 7040K, reserved 1056768K
  class space    used 579K, capacity 616K, committed 640K, reserved 1048576K
Event: 17.050 GC heap after
Heap after GC invocations=1 (full 0):
 PSYoungGen      total 18944K, used 2544K [0x00000000eab00000, 0x00000000ed000000, 0x0000000100000000)
  eden space 16384K, 0% used [0x00000000eab00000,0x00000000eab00000,0x00000000ebb00000)
  from space 2560K, 99% used [0x00000000ebb00000,0x00000000ebd7c240,0x00000000ebd80000)
  to   space 2560K, 0% used [0x00000000ecd80000,0x00000000ecd80000,0x00000000ed000000)
 ParOldGen       total 44032K, used 2123K [0x00000000c0000000, 0x00000000c2b00000, 0x00000000eab00000)
  object space 44032K, 4% used [0x00000000c0000000,0x00000000c0212c20,0x00000000c2b00000)
 Metaspace       used 5646K, capacity 6768K, committed 7040K, reserved 1056768K
  class space    used 579K, capacity 616K, committed 640K, reserved 1048576K
}

Deoptimization events (10 events):
Event: 15.436 Thread 0x000000001681e800 Uncommon trap: reason=unstable_if action=reinterpret pc=0x00000000028889f4 method=java.util.HashMap.getNode(ILjava/lang/Object;)Ljava/util/HashMap$Node; @ 62
Event: 15.912 Thread 0x000000001681e800 Uncommon trap: reason=class_check action=maybe_recompile pc=0x000000000290ec60 method=com.android.dx.rop.type.Type.equals(Ljava/lang/Object;)Z @ 8
Event: 15.914 Thread 0x000000001681e800 Uncommon trap: reason=class_check action=maybe_recompile pc=0x000000000290ec60 method=com.android.dx.rop.type.Type.equals(Ljava/lang/Object;)Z @ 8
Event: 15.915 Thread 0x000000001681e800 Uncommon trap: reason=class_check action=maybe_recompile pc=0x000000000290ec60 method=com.android.dx.rop.type.Type.equals(Ljava/lang/Object;)Z @ 8
Event: 15.916 Thread 0x000000001681e800 Uncommon trap: reason=class_check action=maybe_recompile pc=0x000000000290ec60 method=com.android.dx.rop.type.Type.equals(Ljava/lang/Object;)Z @ 8
Event: 17.250 Thread 0x0000000016820000 Uncommon trap: reason=unstable_if action=reinterpret pc=0x00000000029a835c method=com.android.dx.rop.cst.Constant.compareTo(Lcom/android/dx/rop/cst/Constant;)I @ 12
Event: 18.135 Thread 0x0000000016820000 Uncommon trap: reason=unstable_if action=reinterpret pc=0x0000000002a65df0 method=com.android.dx.ssa.SsaRenamer$BlockRenamer.addMapping(ILcom/android/dx/rop/code/RegisterSpec;)V @ 120
Event: 18.144 Thread 0x000000001681f800 Uncommon trap: reason=unstable_if action=reinterpret pc=0x00000000029ed52c method=com.android.dx.rop.code.RegisterSpecSet.put(Lcom/android/dx/rop/code/RegisterSpec;)V @ 77
Event: 18.144 Thread 0x000000001681f800 Uncommon trap: reason=unstable_if action=reinterpret pc=0x0000000002a46560 method=com.android.dx.rop.code.RegisterSpecSet.put(Lcom/android/dx/rop/code/RegisterSpec;)V @ 77
Event: 18.150 Thread 0x0000000016820000 Uncommon trap: reason=unstable_if action=reinterpret pc=0x00000000029b91f8 method=com.android.dx.rop.code.RegisterSpec.equals(ILcom/android/dx/rop/type/TypeBearer;Lcom/android/dx/rop/code/LocalItem;)Z @ 42

Internal exceptions (2 events):
Event: 7.984 Thread 0x0000000002570800 Exception <a 'java/lang/NoSuchMethodError': Method sun.misc.Unsafe.defineClass(Ljava/lang/String;[BII)Ljava/lang/Class; name or signature does not match> (0x00000000eab0d4d0) thrown at [C:\re\workspace\8-2-build-windows-amd64-cygwin\jdk8u45\3627\hotspot\sr’Ê/Yð@
Event: 7.985 Thread 0x0000000002570800 Exception <a 'java/lang/NoSuchMethodError': Method sun.misc.Unsafe.prefetchRead(Ljava/lang/Object;J)V name or signature does not match> (0x00000000eab0d760) thrown at [C:\re\workspace\8-2-build-windows-amd64-cygwin\jdk8u45\3627\hotspot\src\share\vm\prims\j

Events (10 events):
Event: 18.135 Thread 0x0000000016820000 DEOPT UNPACKING pc=0x00000000026b582a sp=0x00000000170ae610 mode 2
Event: 18.144 Thread 0x000000001681f800 Uncommon trap: trap_request=0xffffff65 fr.pc=0x00000000029ed52c
Event: 18.144 Thread 0x000000001681f800 DEOPT PACKING pc=0x00000000029ed52c sp=0x0000000016fae750
Event: 18.144 Thread 0x000000001681f800 DEOPT UNPACKING pc=0x00000000026b582a sp=0x0000000016fae6d8 mode 2
Event: 18.144 Thread 0x000000001681f800 Uncommon trap: trap_request=0xffffff65 fr.pc=0x0000000002a46560
Event: 18.144 Thread 0x000000001681f800 DEOPT PACKING pc=0x0000000002a46560 sp=0x0000000016fae740
Event: 18.144 Thread 0x000000001681f800 DEOPT UNPACKING pc=0x00000000026b582a sp=0x0000000016fae660 mode 2
Event: 18.150 Thread 0x0000000016820000 Uncommon trap: trap_request=0xffffff65 fr.pc=0x00000000029b91f8
Event: 18.150 Thread 0x0000000016820000 DEOPT PACKING pc=0x00000000029b91f8 sp=0x00000000170ae830
Event: 18.150 Thread 0x0000000016820000 DEOPT UNPACKING pc=0x00000000026b582a sp=0x00000000170ae7b8 mode 2


Dynamic libraries:
0x00007ff632040000 - 0x00007ff632077000 	C:\Program Files\Java\jdk1.8.0_45\bin\java.exe
0x00007ffd3bb90000 - 0x00007ffd3bd3a000 	C:\Windows\SYSTEM32\ntdll.dll
0x00007ffd399a0000 - 0x00007ffd39ada000 	C:\Windows\system32\KERNEL32.DLL
0x00007ffd392b0000 - 0x00007ffd393c0000 	C:\Windows\system32\KERNELBASE.dll
0x00007ffd37b30000 - 0x00007ffd37bb8000 	C:\Windows\system32\apphelp.dll
0x00007ffd2e870000 - 0x00007ffd2e8bf000 	C:\Windows\AppPatch\AppPatch64\AcGenral.DLL
0x00007ffd39bc0000 - 0x00007ffd39c67000 	C:\Windows\system32\msvcrt.dll
0x00007ffd38d40000 - 0x00007ffd38d6b000 	C:\Windows\SYSTEM32\SspiCli.dll
0x00007ffd3a3c0000 - 0x00007ffd3a411000 	C:\Windows\system32\SHLWAPI.dll
0x00007ffd3a060000 - 0x00007ffd3a1d1000 	C:\Windows\system32\USER32.dll
0x00007ffd39530000 - 0x00007ffd396a8000 	C:\Windows\system32\ole32.dll
0x00007ffd3a4e0000 - 0x00007ffd3b8f7000 	C:\Windows\system32\SHELL32.dll
0x00007ffd38570000 - 0x00007ffd3858f000 	C:\Windows\SYSTEM32\USERENV.dll
0x00007ffd39fa0000 - 0x00007ffd3a045000 	C:\Windows\system32\ADVAPI32.dll
0x00007ffd30500000 - 0x00007ffd3051b000 	C:\Windows\SYSTEM32\MPR.dll
0x00007ffd396b0000 - 0x00007ffd397e6000 	C:\Windows\system32\RPCRT4.dll
0x00007ffd394d0000 - 0x00007ffd39527000 	C:\Windows\SYSTEM32\sechost.dll
0x00007ffd3a1e0000 - 0x00007ffd3a3b6000 	C:\Windows\SYSTEM32\combase.dll
0x00007ffd397f0000 - 0x00007ffd39935000 	C:\Windows\system32\GDI32.dll
0x00007ffd38f00000 - 0x00007ffd38f14000 	C:\Windows\SYSTEM32\profapi.dll
0x00007ffd37540000 - 0x00007ffd375df000 	C:\Windows\SYSTEM32\SHCORE.dll
0x00007ffd3baa0000 - 0x00007ffd3bad4000 	C:\Windows\system32\IMM32.DLL
0x00007ffd39c80000 - 0x00007ffd39db9000 	C:\Windows\system32\MSCTF.dll
0x00007ffd37110000 - 0x00007ffd3736a000 	C:\Windows\WinSxS\amd64_microsoft.windows.common-controls_6595b64144ccf1df_6.0.9600.17031_none_6242a4b3ecbb55a1\COMCTL32.dll
0x0000000071390000 - 0x0000000071462000 	C:\Program Files\Java\jdk1.8.0_45\jre\bin\msvcr100.dll
0x0000000071730000 - 0x0000000071fb3000 	C:\Program Files\Java\jdk1.8.0_45\jre\bin\server\jvm.dll
0x00007ffd36ab0000 - 0x00007ffd36ab9000 	C:\Windows\SYSTEM32\WSOCK32.dll
0x00007ffd36540000 - 0x00007ffd3655f000 	C:\Windows\SYSTEM32\WINMM.dll
0x00007ffd365d0000 - 0x00007ffd365da000 	C:\Windows\SYSTEM32\VERSION.dll
0x00007ffd3a050000 - 0x00007ffd3a057000 	C:\Windows\system32\PSAPI.DLL
0x00007ffd3a480000 - 0x00007ffd3a4d8000 	C:\Windows\system32\WS2_32.dll
0x00007ffd36400000 - 0x00007ffd3642a000 	C:\Windows\SYSTEM32\WINMMBASE.dll
0x00007ffd39c70000 - 0x00007ffd39c79000 	C:\Windows\system32\NSI.dll
0x00007ffd393c0000 - 0x00007ffd3940a000 	C:\Windows\SYSTEM32\cfgmgr32.dll
0x00007ffd37d80000 - 0x00007ffd37da6000 	C:\Windows\SYSTEM32\DEVOBJ.dll
0x0000000072830000 - 0x000000007283f000 	C:\Program Files\Java\jdk1.8.0_45\jre\bin\verify.dll
0x0000000072440000 - 0x0000000072469000 	C:\Program Files\Java\jdk1.8.0_45\jre\bin\java.dll
0x0000000072420000 - 0x0000000072436000 	C:\Program Files\Java\jdk1.8.0_45\jre\bin\zip.dll

VM Arguments:
jvm_args: -Xmx1024M -Dfile.encoding=windows-1252 -Duser.country=US -Duser.language=en -Duser.variant 
java_command: com.android.dx.command.Main --dex --num-threads=4 --output G:\AndroidProjecto\AlarmKuliah\app\build\intermediates\pre-dexed\debug\classes-613dc4a09a6a02dec68ef9085a237c4f09a72b65.jar G:\AndroidProjecto\AlarmKuliah\app\build\intermediates\exploded-aar\com.android.support\support-v4\23.0.1\jars\classes.jar
java_class_path (initial): C:\Users\PERSONAL\AppData\Local\Android\sdk\build-tools\23.0.1\lib\dx.jar
Launcher Type: SUN_STANDARD

Environment Variables:
PATH=C:\oraclexe\app\oracle\product\11.2.0\server\bin;C:\ProgramData\Oracle\Java\javapath;C:\Program Files (x86)\NVIDIA Corporation\PhysX\Common;C:\Windows\system32;C:\Windows;C:\Windows\System32\Wbem;C:\Windows\System32\WindowsPowerShell\v1.0\;C:\Program Files (x86)\CodeBlocks\MinGW\bin;C:\xampp\php;C:\ProgramData\ComposerSetup\bin;C:\Users\PERSONAL\AppData\Roaming\Composer\vendor\bin;C:\adbfastboot;G:\Android Studio\gradle\gradle-2.4\bin;C:\Users\PERSONAL\AppData\Local\Android\sdk\platform-tools;C:\Program Files\MATLAB\R2014b\runtime\win64;C:\Program Files\MATLAB\R2014b\bin;C:\Program Files\nodejs\;C:\Program Files (x86)\Skype\Phone\;C:\Program Files (x86)\Heroku\bin;C:\Program Files (x86)\git\cmd;C:\Users\PERSONAL\AppData\Roaming\npm;C:\Program Files\nodejs\;C:\Users\PERSONAL\AppData\Local\atom\bin
USERNAME=PERSONAL
OS=Windows_NT
PROCESSOR_IDENTIFIER=Intel64 Family 6 Model 61 Stepping 4, GenuineIntel



---------------  S Y S T E M  ---------------

OS: Windows 8.1 , 64 bit Build 9600 (6.3.9600.17031)

CPU:total 4 (2 cores per cpu, 2 threads per core) family 6 model 61 stepping 4, cmov, cx8, fxsr, mmx, sse, sse2, sse3, ssse3, sse4.1, sse4.2, popcnt, avx, avx2, aes, clmul, erms, 3dnowpref, lzcnt, ht, tsc, tscinvbit, bmi1, bmi2, adx

Memory: 4k page, physical 4091592k(6760k free), swap 7237320k(1960k free)

vm_info: Java HotSpot(TM) 64-Bit Server VM (25.45-b02) for windows-amd64 JRE (1.8.0_45-b15), built on Apr 30 2015 12:40:44 by "java_re" with MS VC++ 10.0 (VS2010)

time: Fri Dec 25 12:14:45 2015
elapsed time: 19 seconds (0d 0h 0m 19s)

