#
# There is insufficient memory for the Java Runtime Environment to continue.
# Native memory allocation (malloc) failed to allocate 480104 bytes for AllocateHeap
# Possible reasons:
#   The system is out of physical RAM or swap space
#   In 32 bit mode, the process size limit was hit
# Possible solutions:
#   Reduce memory load on the system
#   Increase physical memory or swap space
#   Check if swap backing store is full
#   Use 64 bit Java on a 64 bit OS
#   Decrease Java heap size (-Xmx/-Xms)
#   Decrease number of Java threads
#   Decrease Java thread stack sizes (-Xss)
#   Set larger code cache with -XX:ReservedCodeCacheSize=
# This output file may be truncated or incomplete.
#
#  Out of Memory Error (memory/allocation.inline.hpp:61), pid=5064, tid=7276
#
# JRE version:  (8.0_45-b15) (build )
# Java VM: Java HotSpot(TM) 64-Bit Server VM (25.45-b02 mixed mode windows-amd64 compressed oops)
# Failed to write core dump. Minidumps are not enabled by default on client versions of Windows
#

---------------  T H R E A D  ---------------

Current thread (0x00000000028e0800):  JavaThread "Unknown thread" [_thread_in_vm, id=7276, stack(0x0000000002760000,0x0000000002860000)]

Stack: [0x0000000002760000,0x0000000002860000]
Native frames: (J=compiled Java code, j=interpreted, Vv=VM code, C=native code)
V  [jvm.dll+0x32b57a]
V  [jvm.dll+0x279873]
V  [jvm.dll+0x27a509]
V  [jvm.dll+0x271825]
V  [jvm.dll+0x65676]
V  [jvm.dll+0xf1cbe]
V  [jvm.dll+0x20f057]
V  [jvm.dll+0x240e0a]
V  [jvm.dll+0x15ba41]
C  [java.exe+0x216e]
C  [java.exe+0xcce7]
C  [java.exe+0xcd7b]
C  [KERNEL32.DLL+0x168d]
C  [ntdll.dll+0x74629]


---------------  P R O C E S S  ---------------

Java Threads: ( => current thread )

Other Threads:

=>0x00000000028e0800 (exited) JavaThread "Unknown thread" [_thread_in_vm, id=7276, stack(0x0000000002760000,0x0000000002860000)]

VM state:not at safepoint (not fully initialized)

VM Mutex/Monitor currently owned by a thread: None

GC Heap History (0 events):
No events

Deoptimization events (0 events):
No events

Internal exceptions (0 events):
No events

Events (0 events):
No events


Dynamic libraries:
0x00007ff632040000 - 0x00007ff632077000 	C:\Program Files\Java\jdk1.8.0_45\bin\java.exe
0x00007ffd3bb90000 - 0x00007ffd3bd3a000 	C:\Windows\SYSTEM32\ntdll.dll
0x00007ffd399a0000 - 0x00007ffd39ada000 	C:\Windows\system32\KERNEL32.DLL
0x00007ffd392b0000 - 0x00007ffd393c0000 	C:\Windows\system32\KERNELBASE.dll
0x00007ffd37b30000 - 0x00007ffd37bb8000 	C:\Windows\system32\apphelp.dll
0x00007ffd2e870000 - 0x00007ffd2e8bf000 	C:\Windows\AppPatch\AppPatch64\AcGenral.DLL
0x00007ffd39bc0000 - 0x00007ffd39c67000 	C:\Windows\system32\msvcrt.dll
0x00007ffd38d40000 - 0x00007ffd38d6b000 	C:\Windows\SYSTEM32\SspiCli.dll
0x00007ffd3a3c0000 - 0x00007ffd3a411000 	C:\Windows\system32\SHLWAPI.dll
0x00007ffd3a060000 - 0x00007ffd3a1d1000 	C:\Windows\system32\USER32.dll
0x00007ffd39530000 - 0x00007ffd396a8000 	C:\Windows\system32\ole32.dll
0x00007ffd3a4e0000 - 0x00007ffd3b8f7000 	C:\Windows\system32\SHELL32.dll
0x00007ffd38570000 - 0x00007ffd3858f000 	C:\Windows\SYSTEM32\USERENV.dll
0x00007ffd39fa0000 - 0x00007ffd3a045000 	C:\Windows\system32\ADVAPI32.dll
0x00007ffd30500000 - 0x00007ffd3051b000 	C:\Windows\SYSTEM32\MPR.dll
0x00007ffd396b0000 - 0x00007ffd397e6000 	C:\Windows\system32\RPCRT4.dll
0x00007ffd394d0000 - 0x00007ffd39527000 	C:\Windows\SYSTEM32\sechost.dll
0x00007ffd3a1e0000 - 0x00007ffd3a3b6000 	C:\Windows\SYSTEM32\combase.dll
0x00007ffd397f0000 - 0x00007ffd39935000 	C:\Windows\system32\GDI32.dll
0x00007ffd38f00000 - 0x00007ffd38f14000 	C:\Windows\SYSTEM32\profapi.dll
0x00007ffd37540000 - 0x00007ffd375df000 	C:\Windows\SYSTEM32\SHCORE.dll
0x00007ffd3baa0000 - 0x00007ffd3bad4000 	C:\Windows\system32\IMM32.DLL
0x00007ffd39c80000 - 0x00007ffd39db9000 	C:\Windows\system32\MSCTF.dll
0x00007ffd37110000 - 0x00007ffd3736a000 	C:\Windows\WinSxS\amd64_microsoft.windows.common-controls_6595b64144ccf1df_6.0.9600.17031_none_6242a4b3ecbb55a1\COMCTL32.dll
0x0000000071390000 - 0x0000000071462000 	C:\Program Files\Java\jdk1.8.0_45\jre\bin\msvcr100.dll
0x0000000071730000 - 0x0000000071fb3000 	C:\Program Files\Java\jdk1.8.0_45\jre\bin\server\jvm.dll
0x00007ffd36ab0000 - 0x00007ffd36ab9000 	C:\Windows\SYSTEM32\WSOCK32.dll
0x00007ffd36540000 - 0x00007ffd3655f000 	C:\Windows\SYSTEM32\WINMM.dll
0x00007ffd365d0000 - 0x00007ffd365da000 	C:\Windows\SYSTEM32\VERSION.dll
0x00007ffd3a050000 - 0x00007ffd3a057000 	C:\Windows\system32\PSAPI.DLL
0x00007ffd3a480000 - 0x00007ffd3a4d8000 	C:\Windows\system32\WS2_32.dll
0x00007ffd36400000 - 0x00007ffd3642a000 	C:\Windows\SYSTEM32\WINMMBASE.dll
0x00007ffd39c70000 - 0x00007ffd39c79000 	C:\Windows\system32\NSI.dll
0x00007ffd393c0000 - 0x00007ffd3940a000 	C:\Windows\SYSTEM32\cfgmgr32.dll
0x00007ffd37d80000 - 0x00007ffd37da6000 	C:\Windows\SYSTEM32\DEVOBJ.dll
0x0000000072830000 - 0x000000007283f000 	C:\Program Files\Java\jdk1.8.0_45\jre\bin\verify.dll
0x0000000072440000 - 0x0000000072469000 	C:\Program Files\Java\jdk1.8.0_45\jre\bin\java.dll
0x0000000072420000 - 0x0000000072436000 	C:\Program Files\Java\jdk1.8.0_45\jre\bin\zip.dll
0x00007ffd295d0000 - 0x00007ffd29758000 	C:\Windows\SYSTEM32\dbghelp.dll

VM Arguments:
jvm_args: -Xmx1024M -Dfile.encoding=windows-1252 -Duser.country=US -Duser.language=en -Duser.variant 
java_command: com.android.dx.command.Main --dex --num-threads=4 --output G:\AndroidProjecto\AlarmKuliah\app\build\intermediates\pre-dexed\debug\internal_impl-23.0.1-32ab4d4c316b299c13b0a90b86f3a72707b367c7.jar G:\AndroidProjecto\AlarmKuliah\app\build\intermediates\exploded-aar\com.android.support\support-v4\23.0.1\jars\libs\internal_impl-23.0.1.jar
java_class_path (initial): C:\Users\PERSONAL\AppData\Local\Android\sdk\build-tools\23.0.1\lib\dx.jar
Launcher Type: SUN_STANDARD

Environment Variables:
PATH=C:\oraclexe\app\oracle\product\11.2.0\server\bin;C:\ProgramData\Oracle\Java\javapath;C:\Program Files (x86)\NVIDIA Corporation\PhysX\Common;C:\Windows\system32;C:\Windows;C:\Windows\System32\Wbem;C:\Windows\System32\WindowsPowerShell\v1.0\;C:\Program Files (x86)\CodeBlocks\MinGW\bin;C:\xampp\php;C:\ProgramData\ComposerSetup\bin;C:\Users\PERSONAL\AppData\Roaming\Composer\vendor\bin;C:\adbfastboot;G:\Android Studio\gradle\gradle-2.4\bin;C:\Users\PERSONAL\AppData\Local\Android\sdk\platform-tools;C:\Program Files\MATLAB\R2014b\runtime\win64;C:\Program Files\MATLAB\R2014b\bin;C:\Program Files\nodejs\;C:\Program Files (x86)\Skype\Phone\;C:\Program Files (x86)\Heroku\bin;C:\Program Files (x86)\git\cmd;C:\Users\PERSONAL\AppData\Roaming\npm;C:\Program Files\nodejs\;C:\Users\PERSONAL\AppData\Local\atom\bin
USERNAME=PERSONAL
OS=Windows_NT
PROCESSOR_IDENTIFIER=Intel64 Family 6 Model 61 Stepping 4, GenuineIntel



---------------  S Y S T E M  ---------------

OS: Windows 8.1 , 64 bit Build 9600 (6.3.9600.17031)

CPU:total 4 (2 cores per cpu, 2 threads per core) family 6 model 61 stepping 4, cmov, cx8, fxsr, mmx, sse, sse2, sse3, ssse3, sse4.1, sse4.2, popcnt, avx, avx2, aes, clmul, erms, 3dnowpref, lzcnt, ht, tsc, tscinvbit, bmi1, bmi2, adx

Memory: 4k page, physical 4091592k(440736k free), swap 7237320k(126972k free)

vm_info: Java HotSpot(TM) 64-Bit Server VM (25.45-b02) for windows-amd64 JRE (1.8.0_45-b15), built on Apr 30 2015 12:40:44 by "java_re" with MS VC++ 10.0 (VS2010)

time: Fri Dec 25 12:26:16 2015
elapsed time: 0 seconds (0d 0h 0m 0s)

