#
# There is insufficient memory for the Java Runtime Environment to continue.
# Native memory allocation (malloc) failed to allocate 701616 bytes for Chunk::new
# Possible reasons:
#   The system is out of physical RAM or swap space
#   In 32 bit mode, the process size limit was hit
# Possible solutions:
#   Reduce memory load on the system
#   Increase physical memory or swap space
#   Check if swap backing store is full
#   Use 64 bit Java on a 64 bit OS
#   Decrease Java heap size (-Xmx/-Xms)
#   Decrease number of Java threads
#   Decrease Java thread stack sizes (-Xss)
#   Set larger code cache with -XX:ReservedCodeCacheSize=
# This output file may be truncated or incomplete.
#
#  Out of Memory Error (allocation.cpp:390), pid=4860, tid=5812
#
# JRE version: Java(TM) SE Runtime Environment (8.0_45-b15) (build 1.8.0_45-b15)
# Java VM: Java HotSpot(TM) 64-Bit Server VM (25.45-b02 mixed mode windows-amd64 compressed oops)
# Failed to write core dump. Minidumps are not enabled by default on client versions of Windows
#

---------------  T H R E A D  ---------------

Current thread (0x000000001452c000):  JavaThread "C2 CompilerThread0" daemon [_thread_in_native, id=5812, stack(0x0000000015a80000,0x0000000015b80000)]

Stack: [0x0000000015a80000,0x0000000015b80000]
Native frames: (J=compiled Java code, j=interpreted, Vv=VM code, C=native code)
V  [jvm.dll+0x32b57a]
V  [jvm.dll+0x279873]
V  [jvm.dll+0x27a509]
V  [jvm.dll+0x271825]
V  [jvm.dll+0xcb9e2]
V  [jvm.dll+0xcbeac]
V  [jvm.dll+0x49298c]
V  [jvm.dll+0x45f6ff]
V  [jvm.dll+0x46a73b]
V  [jvm.dll+0x46cd52]
V  [jvm.dll+0x4500f2]
V  [jvm.dll+0xa4352]
V  [jvm.dll+0xa4c8f]
V  [jvm.dll+0x241984]
V  [jvm.dll+0x29853a]
C  [msvcr100.dll+0x21d9f]
C  [msvcr100.dll+0x21e3b]
C  [KERNEL32.DLL+0x168d]
C  [ntdll.dll+0x74629]


Current CompileTask:
C2:  11058 2196       4       com.android.dx.ssa.LocalVariableExtractor::processBlock (383 bytes)


---------------  P R O C E S S  ---------------

Java Threads: ( => current thread )
  0x0000000015ff6800 JavaThread "pool-1-thread-4" [_thread_blocked, id=3592, stack(0x0000000016780000,0x0000000016880000)]
  0x0000000015ff5000 JavaThread "pool-1-thread-3" [_thread_blocked, id=6832, stack(0x0000000016680000,0x0000000016780000)]
  0x0000000015ff4800 JavaThread "pool-1-thread-2" [_thread_blocked, id=4140, stack(0x0000000016580000,0x0000000016680000)]
  0x0000000015fec000 JavaThread "pool-2-thread-1" [_thread_blocked, id=1808, stack(0x0000000016480000,0x0000000016580000)]
  0x0000000015fe7800 JavaThread "pool-1-thread-1" [_thread_blocked, id=6032, stack(0x0000000016380000,0x0000000016480000)]
  0x0000000015d81000 JavaThread "Service Thread" daemon [_thread_blocked, id=1784, stack(0x0000000016180000,0x0000000016280000)]
  0x0000000014589000 JavaThread "C1 CompilerThread2" daemon [_thread_blocked, id=936, stack(0x0000000015c80000,0x0000000015d80000)]
  0x000000001457e000 JavaThread "C2 CompilerThread1" daemon [_thread_blocked, id=548, stack(0x0000000015b80000,0x0000000015c80000)]
=>0x000000001452c000 JavaThread "C2 CompilerThread0" daemon [_thread_in_native, id=5812, stack(0x0000000015a80000,0x0000000015b80000)]
  0x000000001452a800 JavaThread "Attach Listener" daemon [_thread_blocked, id=568, stack(0x0000000015980000,0x0000000015a80000)]
  0x0000000014529800 JavaThread "Signal Dispatcher" daemon [_thread_blocked, id=6232, stack(0x0000000015880000,0x0000000015980000)]
  0x0000000001e56000 JavaThread "Finalizer" daemon [_thread_blocked, id=4944, stack(0x0000000015780000,0x0000000015880000)]
  0x0000000001e4d000 JavaThread "Reference Handler" daemon [_thread_blocked, id=4672, stack(0x0000000015680000,0x0000000015780000)]
  0x0000000001d60800 JavaThread "main" [_thread_blocked, id=6152, stack(0x0000000001c00000,0x0000000001d00000)]

Other Threads:
  0x00000000144f7800 VMThread [stack: 0x0000000015580000,0x0000000015680000] [id=3880]
  0x0000000015d84000 WatcherThread [stack: 0x0000000016280000,0x0000000016380000] [id=3684]

VM state:at safepoint (normal execution)

VM Mutex/Monitor currently owned by a thread:  ([mutex/lock_event])
[0x000000000044ce20] Threads_lock - owner thread: 0x00000000144f7800
[0x000000000044c820] Heap_lock - owner thread: 0x0000000015fe7800

Heap:
 PSYoungGen      total 62464K, used 62445K [0x00000000eab00000, 0x00000000f4d00000, 0x0000000100000000)
  eden space 54784K, 100% used [0x00000000eab00000,0x00000000ee080000,0x00000000ee080000)
  from space 7680K, 99% used [0x00000000ef280000,0x00000000ef9fb790,0x00000000efa00000)
  to   space 18432K, 75% used [0x00000000ee080000,0x00000000eee083a0,0x00000000ef280000)
 ParOldGen       total 44032K, used 34627K [0x00000000c0000000, 0x00000000c2b00000, 0x00000000eab00000)
  object space 44032K, 78% used [0x00000000c0000000,0x00000000c21d0cb8,0x00000000c2b00000)
 Metaspace       used 6341K, capacity 7220K, committed 7296K, reserved 1056768K
  class space    used 606K, capacity 620K, committed 640K, reserved 1048576K

Card table byte_map: [0x0000000011220000,0x0000000011430000] byte_map_base: 0x0000000010c20000

Marking Bits: (ParMarkBitMap*) 0x0000000071f34040
 Begin Bits: [0x0000000011990000, 0x0000000012990000)
 End Bits:   [0x0000000012990000, 0x0000000013990000)

Polling page: 0x0000000000310000

CodeCache: size=245760Kb used=9773Kb max_used=9773Kb free=235986Kb
 bounds [0x0000000001e60000, 0x0000000002800000, 0x0000000010e60000]
 total_blobs=2326 nmethods=2056 adapters=182
 compilation: enabled

Compilation events (10 events):
Event: 10.916 Thread 0x0000000014589000 2227       2       com.android.dx.rop.type.Type::getClassName (94 bytes)
Event: 10.916 Thread 0x0000000014589000 nmethod 2227 0x00000000027ee0d0 code [0x00000000027ee2a0, 0x00000000027ee7b8]
Event: 10.917 Thread 0x0000000014589000 2228       2       com.android.dx.cf.direct.AnnotationParser::parseAnnotations (143 bytes)
Event: 10.918 Thread 0x0000000014589000 nmethod 2228 0x00000000027eead0 code [0x00000000027eed20, 0x00000000027ef5e8]
Event: 10.918 Thread 0x0000000014589000 2229   !   2       com.android.dx.command.dexer.Main$DirectClassFileConsumer::call (344 bytes)
Event: 10.921 Thread 0x0000000014589000 nmethod 2229 0x00000000027efd90 code [0x00000000027f0040, 0x00000000027f10c8]
Event: 10.924 Thread 0x0000000014589000 2230   !   2       com.android.dx.command.dexer.Main::translateClass (65 bytes)
Event: 10.925 Thread 0x0000000014589000 nmethod 2230 0x00000000027f24d0 code [0x00000000027f2680, 0x00000000027f2ae8]
Event: 10.934 Thread 0x0000000014589000 2231       2       com.android.dx.rop.code.SwitchInsn::accept (8 bytes)
Event: 10.934 Thread 0x0000000014589000 nmethod 2231 0x00000000027f2d90 code [0x00000000027f2f00, 0x00000000027f3088]

GC Heap History (10 events):
Event: 3.701 GC heap before
{Heap before GC invocations=4 (full 0):
 PSYoungGen      total 18944K, used 18926K [0x00000000eab00000, 0x00000000ed000000, 0x0000000100000000)
  eden space 16384K, 100% used [0x00000000eab00000,0x00000000ebb00000,0x00000000ebb00000)
  from space 2560K, 99% used [0x00000000ebb00000,0x00000000ebd7b888,0x00000000ebd80000)
  to   space 2560K, 0% used [0x00000000ecd80000,0x00000000ecd80000,0x00000000ed000000)
 ParOldGen       total 44032K, used 6421K [0x00000000c0000000, 0x00000000c2b00000, 0x00000000eab00000)
  object space 44032K, 14% used [0x00000000c0000000,0x00000000c06455e0,0x00000000c2b00000)
 Metaspace       used 6006K, capacity 7088K, committed 7296K, reserved 1056768K
  class space    used 585K, capacity 616K, committed 640K, reserved 1048576K
Event: 3.717 GC heap after
Heap after GC invocations=4 (full 0):
 PSYoungGen      total 35328K, used 2547K [0x00000000eab00000, 0x00000000ed000000, 0x0000000100000000)
  eden space 32768K, 0% used [0x00000000eab00000,0x00000000eab00000,0x00000000ecb00000)
  from space 2560K, 99% used [0x00000000ecd80000,0x00000000ecffcd30,0x00000000ed000000)
  to   space 2560K, 0% used [0x00000000ecb00000,0x00000000ecb00000,0x00000000ecd80000)
 ParOldGen       total 44032K, used 9035K [0x00000000c0000000, 0x00000000c2b00000, 0x00000000eab00000)
  object space 44032K, 20% used [0x00000000c0000000,0x00000000c08d2fd0,0x00000000c2b00000)
 Metaspace       used 6006K, capacity 7088K, committed 7296K, reserved 1056768K
  class space    used 585K, capacity 616K, committed 640K, reserved 1048576K
}
Event: 6.030 GC heap before
{Heap before GC invocations=5 (full 0):
 PSYoungGen      total 35328K, used 35315K [0x00000000eab00000, 0x00000000ed000000, 0x0000000100000000)
  eden space 32768K, 100% used [0x00000000eab00000,0x00000000ecb00000,0x00000000ecb00000)
  from space 2560K, 99% used [0x00000000ecd80000,0x00000000ecffcd30,0x00000000ed000000)
  to   space 2560K, 0% used [0x00000000ecb00000,0x00000000ecb00000,0x00000000ecd80000)
 ParOldGen       total 44032K, used 9035K [0x00000000c0000000, 0x00000000c2b00000, 0x00000000eab00000)
  object space 44032K, 20% used [0x00000000c0000000,0x00000000c08d2fd0,0x00000000c2b00000)
 Metaspace       used 6191K, capacity 7156K, committed 7296K, reserved 1056768K
  class space    used 605K, capacity 620K, committed 640K, reserved 1048576K
Event: 6.112 GC heap after
Heap after GC invocations=5 (full 0):
 PSYoungGen      total 35328K, used 2548K [0x00000000eab00000, 0x00000000efa00000, 0x0000000100000000)
  eden space 32768K, 0% used [0x00000000eab00000,0x00000000eab00000,0x00000000ecb00000)
  from space 2560K, 99% used [0x00000000ecb00000,0x00000000ecd7d330,0x00000000ecd80000)
  to   space 7680K, 0% used [0x00000000ef280000,0x00000000ef280000,0x00000000efa00000)
 ParOldGen       total 44032K, used 14006K [0x00000000c0000000, 0x00000000c2b00000, 0x00000000eab00000)
  object space 44032K, 31% used [0x00000000c0000000,0x00000000c0dad810,0x00000000c2b00000)
 Metaspace       used 6191K, capacity 7156K, committed 7296K, reserved 1056768K
  class space    used 605K, capacity 620K, committed 640K, reserved 1048576K
}
Event: 7.891 GC heap before
{Heap before GC invocations=6 (full 0):
 PSYoungGen      total 35328K, used 35316K [0x00000000eab00000, 0x00000000efa00000, 0x0000000100000000)
  eden space 32768K, 100% used [0x00000000eab00000,0x00000000ecb00000,0x00000000ecb00000)
  from space 2560K, 99% used [0x00000000ecb00000,0x00000000ecd7d330,0x00000000ecd80000)
  to   space 7680K, 0% used [0x00000000ef280000,0x00000000ef280000,0x00000000efa00000)
 ParOldGen       total 44032K, used 14006K [0x00000000c0000000, 0x00000000c2b00000, 0x00000000eab00000)
  object space 44032K, 31% used [0x00000000c0000000,0x00000000c0dad810,0x00000000c2b00000)
 Metaspace       used 6229K, capacity 7156K, committed 7296K, reserved 1056768K
  class space    used 606K, capacity 620K, committed 640K, reserved 1048576K
Event: 7.999 GC heap after
Heap after GC invocations=6 (full 0):
 PSYoungGen      total 72192K, used 7524K [0x00000000eab00000, 0x00000000efc00000, 0x0000000100000000)
  eden space 64512K, 0% used [0x00000000eab00000,0x00000000eab00000,0x00000000eea00000)
  from space 7680K, 97% used [0x00000000ef280000,0x00000000ef9d9320,0x00000000efa00000)
  to   space 8704K, 0% used [0x00000000eea00000,0x00000000eea00000,0x00000000ef280000)
 ParOldGen       total 44032K, used 14006K [0x00000000c0000000, 0x00000000c2b00000, 0x00000000eab00000)
  object space 44032K, 31% used [0x00000000c0000000,0x00000000c0dad810,0x00000000c2b00000)
 Metaspace       used 6229K, capacity 7156K, committed 7296K, reserved 1056768K
  class space    used 606K, capacity 620K, committed 640K, reserved 1048576K
}
Event: 9.849 GC heap before
{Heap before GC invocations=7 (full 0):
 PSYoungGen      total 72192K, used 72036K [0x00000000eab00000, 0x00000000efc00000, 0x0000000100000000)
  eden space 64512K, 100% used [0x00000000eab00000,0x00000000eea00000,0x00000000eea00000)
  from space 7680K, 97% used [0x00000000ef280000,0x00000000ef9d9320,0x00000000efa00000)
  to   space 8704K, 0% used [0x00000000eea00000,0x00000000eea00000,0x00000000ef280000)
 ParOldGen       total 44032K, used 14006K [0x00000000c0000000, 0x00000000c2b00000, 0x00000000eab00000)
  object space 44032K, 31% used [0x00000000c0000000,0x00000000c0dad810,0x00000000c2b00000)
 Metaspace       used 6262K, capacity 7156K, committed 7296K, reserved 1056768K
  class space    used 606K, capacity 620K, committed 640K, reserved 1048576K
Event: 10.020 GC heap after
Heap after GC invocations=7 (full 0):
 PSYoungGen      total 73216K, used 8697K [0x00000000eab00000, 0x00000000efc00000, 0x0000000100000000)
  eden space 64512K, 0% used [0x00000000eab00000,0x00000000eab00000,0x00000000eea00000)
  from space 8704K, 99% used [0x00000000eea00000,0x00000000ef27e6c8,0x00000000ef280000)
  to   space 7680K, 0% used [0x00000000ef280000,0x00000000ef280000,0x00000000efa00000)
 ParOldGen       total 44032K, used 22472K [0x00000000c0000000, 0x00000000c2b00000, 0x00000000eab00000)
  object space 44032K, 51% used [0x00000000c0000000,0x00000000c15f23e0,0x00000000c2b00000)
 Metaspace       used 6262K, capacity 7156K, committed 7296K, reserved 1056768K
  class space    used 606K, capacity 620K, committed 640K, reserved 1048576K
}
Event: 10.533 GC heap before
{Heap before GC invocations=8 (full 0):
 PSYoungGen      total 73216K, used 73209K [0x00000000eab00000, 0x00000000efc00000, 0x0000000100000000)
  eden space 64512K, 100% used [0x00000000eab00000,0x00000000eea00000,0x00000000eea00000)
  from space 8704K, 99% used [0x00000000eea00000,0x00000000ef27e6c8,0x00000000ef280000)
  to   space 7680K, 0% used [0x00000000ef280000,0x00000000ef280000,0x00000000efa00000)
 ParOldGen       total 44032K, used 22472K [0x00000000c0000000, 0x00000000c2b00000, 0x00000000eab00000)
  object space 44032K, 51% used [0x00000000c0000000,0x00000000c15f23e0,0x00000000c2b00000)
 Metaspace       used 6326K, capacity 7220K, committed 7296K, reserved 1056768K
  class space    used 606K, capacity 620K, committed 640K, reserved 1048576K
Event: 10.617 GC heap after
Heap after GC invocations=8 (full 0):
 PSYoungGen      total 62464K, used 7661K [0x00000000eab00000, 0x00000000f4d00000, 0x0000000100000000)
  eden space 54784K, 0% used [0x00000000eab00000,0x00000000eab00000,0x00000000ee080000)
  from space 7680K, 99% used [0x00000000ef280000,0x00000000ef9fb790,0x00000000efa00000)
  to   space 18432K, 0% used [0x00000000ee080000,0x00000000ee080000,0x00000000ef280000)
 ParOldGen       total 44032K, used 33634K [0x00000000c0000000, 0x00000000c2b00000, 0x00000000eab00000)
  object space 44032K, 76% used [0x00000000c0000000,0x00000000c20d8af0,0x00000000c2b00000)
 Metaspace       used 6326K, capacity 7220K, committed 7296K, reserved 1056768K
  class space    used 606K, capacity 620K, committed 640K, reserved 1048576K
}

Deoptimization events (10 events):
Event: 8.528 Thread 0x0000000015fe7800 Uncommon trap: reason=unstable_if action=reinterpret pc=0x000000000263bd30 method=com.android.dx.rop.code.LocalVariableExtractor.processBlock(I)V @ 195
Event: 8.730 Thread 0x0000000015ff6800 Uncommon trap: reason=unstable_if action=reinterpret pc=0x00000000023d4fd4 method=com.android.dx.rop.code.LocalItem.compareHandlesNulls(Lcom/android/dx/rop/cst/CstString;Lcom/android/dx/rop/cst/CstString;)I @ 14
Event: 10.374 Thread 0x0000000015fe7800 Uncommon trap: reason=bimorphic action=maybe_recompile pc=0x000000000262673c method=com.android.dx.cf.code.RopperMachine.run(Lcom/android/dx/cf/code/Frame;II)V @ 310
Event: 10.448 Thread 0x0000000015ff4800 Uncommon trap: reason=bimorphic action=maybe_recompile pc=0x00000000026960ec method=com.android.dx.cf.code.BytecodeArray.parseInstruction(ILcom/android/dx/cf/code/BytecodeArray$Visitor;)I @ 2281
Event: 10.448 Thread 0x0000000015ff4800 Uncommon trap: reason=bimorphic action=maybe_recompile pc=0x00000000026960ec method=com.android.dx.cf.code.BytecodeArray.parseInstruction(ILcom/android/dx/cf/code/BytecodeArray$Visitor;)I @ 2281
Event: 10.620 Thread 0x0000000015ff6800 Uncommon trap: reason=unstable_if action=reinterpret pc=0x0000000002600f30 method=com.android.dx.cf.code.Ropper.processBlock(Lcom/android/dx/cf/code/ByteBlock;Lcom/android/dx/cf/code/Frame;[I)V @ 413
Event: 10.859 Thread 0x0000000015ff6800 Uncommon trap: reason=bimorphic action=maybe_recompile pc=0x0000000002696d30 method=com.android.dx.cf.code.BytecodeArray.parseInstruction(ILcom/android/dx/cf/code/BytecodeArray$Visitor;)I @ 955
Event: 10.859 Thread 0x0000000015ff6800 Uncommon trap: reason=bimorphic action=maybe_recompile pc=0x0000000002696d30 method=com.android.dx.cf.code.BytecodeArray.parseInstruction(ILcom/android/dx/cf/code/BytecodeArray$Visitor;)I @ 955
Event: 10.908 Thread 0x0000000015ff5000 Uncommon trap: reason=bimorphic action=maybe_recompile pc=0x000000000262673c method=com.android.dx.cf.code.RopperMachine.run(Lcom/android/dx/cf/code/Frame;II)V @ 310
Event: 10.908 Thread 0x0000000015ff5000 Uncommon trap: reason=bimorphic action=maybe_recompile pc=0x000000000262673c method=com.android.dx.cf.code.RopperMachine.run(Lcom/android/dx/cf/code/Frame;II)V @ 310

Internal exceptions (7 events):
Event: 0.303 Thread 0x0000000001d60800 Exception <a 'java/lang/NoSuchMethodError': Method sun.misc.Unsafe.defineClass(Ljava/lang/String;[BII)Ljava/lang/Class; name or signature does not match> (0x00000000eab0d1a0) thrown at [C:\re\workspace\8-2-build-windows-amd64-cygwin\jdk8u45\3627\hotspot\srï‡ìfUgÓ?
Event: 0.303 Thread 0x0000000001d60800 Exception <a 'java/lang/NoSuchMethodError': Method sun.misc.Unsafe.prefetchRead(Ljava/lang/Object;J)V name or signature does not match> (0x00000000eab0d430) thrown at [C:\re\workspace\8-2-build-windows-amd64-cygwin\jdk8u45\3627\hotspot\src\share\vm\prims\jÒ ýÖ3@
Event: 4.051 Thread 0x0000000015fe7800 Exception <a 'java/lang/ArrayIndexOutOfBoundsException': 18> (0x00000000eb5d7228) thrown at [C:\re\workspace\8-2-build-windows-amd64-cygwin\jdk8u45\3627\hotspot\src\share\vm\interpreter\interpreterRuntime.cpp, line 366]
Event: 4.052 Thread 0x0000000015fe7800 Exception <a 'java/lang/ArrayIndexOutOfBoundsException'> (0x00000000eb5d8cf8) thrown at [C:\re\workspace\8-2-build-windows-amd64-cygwin\jdk8u45\3627\hotspot\src\share\vm\runtime\sharedRuntime.cpp, line 605]
Event: 4.052 Thread 0x0000000015fe7800 Exception <a 'java/lang/ArrayIndexOutOfBoundsException'> (0x00000000eb5d9f30) thrown at [C:\re\workspace\8-2-build-windows-amd64-cygwin\jdk8u45\3627\hotspot\src\share\vm\runtime\sharedRuntime.cpp, line 605]
Event: 4.084 Thread 0x0000000015ff5000 Implicit null exception at 0x00000000023f045f to 0x00000000023f2d95
Event: 8.730 Thread 0x0000000015ff6800 Implicit null exception at 0x00000000023d3466 to 0x00000000023d4fa5

Events (10 events):
Event: 10.859 Thread 0x0000000015ff6800 DEOPT PACKING pc=0x0000000002696d30 sp=0x000000001687e0d0
Event: 10.859 Thread 0x0000000015ff6800 DEOPT UNPACKING pc=0x0000000001ea582a sp=0x000000001687e0a8 mode 2
Event: 10.908 Thread 0x0000000015ff5000 Uncommon trap: trap_request=0xffffffc6 fr.pc=0x000000000262673c
Event: 10.908 Thread 0x0000000015ff5000 DEOPT PACKING pc=0x000000000262673c sp=0x000000001677ded0
Event: 10.908 Thread 0x0000000015ff5000 DEOPT UNPACKING pc=0x0000000001ea582a sp=0x000000001677de70 mode 2
Event: 10.908 Thread 0x0000000015ff5000 Uncommon trap: trap_request=0xffffffc6 fr.pc=0x000000000262673c
Event: 10.908 Thread 0x0000000015ff5000 DEOPT PACKING pc=0x000000000262673c sp=0x000000001677ded0
Event: 10.908 Thread 0x0000000015ff5000 DEOPT UNPACKING pc=0x0000000001ea582a sp=0x000000001677de70 mode 2
Event: 10.937 Thread 0x0000000015ff6800 DEOPT PACKING pc=0x00000000022968d9 sp=0x000000001687e490
Event: 10.937 Thread 0x0000000015ff6800 DEOPT UNPACKING pc=0x0000000001ea787f sp=0x000000001687e2c0 mode 0


Dynamic libraries:
0x00007ff632040000 - 0x00007ff632077000 	C:\Program Files\Java\jdk1.8.0_45\bin\java.exe
0x00007ffd3bb90000 - 0x00007ffd3bd3a000 	C:\Windows\SYSTEM32\ntdll.dll
0x00007ffd399a0000 - 0x00007ffd39ada000 	C:\Windows\system32\KERNEL32.DLL
0x00007ffd392b0000 - 0x00007ffd393c0000 	C:\Windows\system32\KERNELBASE.dll
0x00007ffd37b30000 - 0x00007ffd37bb8000 	C:\Windows\system32\apphelp.dll
0x00007ffd2e870000 - 0x00007ffd2e8bf000 	C:\Windows\AppPatch\AppPatch64\AcGenral.DLL
0x00007ffd39bc0000 - 0x00007ffd39c67000 	C:\Windows\system32\msvcrt.dll
0x00007ffd38d40000 - 0x00007ffd38d6b000 	C:\Windows\SYSTEM32\SspiCli.dll
0x00007ffd3a3c0000 - 0x00007ffd3a411000 	C:\Windows\system32\SHLWAPI.dll
0x00007ffd3a060000 - 0x00007ffd3a1d1000 	C:\Windows\system32\USER32.dll
0x00007ffd39530000 - 0x00007ffd396a8000 	C:\Windows\system32\ole32.dll
0x00007ffd3a4e0000 - 0x00007ffd3b8f7000 	C:\Windows\system32\SHELL32.dll
0x00007ffd38570000 - 0x00007ffd3858f000 	C:\Windows\SYSTEM32\USERENV.dll
0x00007ffd39fa0000 - 0x00007ffd3a045000 	C:\Windows\system32\ADVAPI32.dll
0x00007ffd30500000 - 0x00007ffd3051b000 	C:\Windows\SYSTEM32\MPR.dll
0x00007ffd396b0000 - 0x00007ffd397e6000 	C:\Windows\system32\RPCRT4.dll
0x00007ffd394d0000 - 0x00007ffd39527000 	C:\Windows\SYSTEM32\sechost.dll
0x00007ffd3a1e0000 - 0x00007ffd3a3b6000 	C:\Windows\SYSTEM32\combase.dll
0x00007ffd397f0000 - 0x00007ffd39935000 	C:\Windows\system32\GDI32.dll
0x00007ffd38f00000 - 0x00007ffd38f14000 	C:\Windows\SYSTEM32\profapi.dll
0x00007ffd37540000 - 0x00007ffd375df000 	C:\Windows\SYSTEM32\SHCORE.dll
0x00007ffd3baa0000 - 0x00007ffd3bad4000 	C:\Windows\system32\IMM32.DLL
0x00007ffd39c80000 - 0x00007ffd39db9000 	C:\Windows\system32\MSCTF.dll
0x00007ffd37110000 - 0x00007ffd3736a000 	C:\Windows\WinSxS\amd64_microsoft.windows.common-controls_6595b64144ccf1df_6.0.9600.17031_none_6242a4b3ecbb55a1\COMCTL32.dll
0x0000000071390000 - 0x0000000071462000 	C:\Program Files\Java\jdk1.8.0_45\jre\bin\msvcr100.dll
0x0000000071730000 - 0x0000000071fb3000 	C:\Program Files\Java\jdk1.8.0_45\jre\bin\server\jvm.dll
0x00007ffd36ab0000 - 0x00007ffd36ab9000 	C:\Windows\SYSTEM32\WSOCK32.dll
0x00007ffd36540000 - 0x00007ffd3655f000 	C:\Windows\SYSTEM32\WINMM.dll
0x00007ffd365d0000 - 0x00007ffd365da000 	C:\Windows\SYSTEM32\VERSION.dll
0x00007ffd3a050000 - 0x00007ffd3a057000 	C:\Windows\system32\PSAPI.DLL
0x00007ffd3a480000 - 0x00007ffd3a4d8000 	C:\Windows\system32\WS2_32.dll
0x00007ffd36400000 - 0x00007ffd3642a000 	C:\Windows\SYSTEM32\WINMMBASE.dll
0x00007ffd39c70000 - 0x00007ffd39c79000 	C:\Windows\system32\NSI.dll
0x00007ffd393c0000 - 0x00007ffd3940a000 	C:\Windows\SYSTEM32\cfgmgr32.dll
0x00007ffd37d80000 - 0x00007ffd37da6000 	C:\Windows\SYSTEM32\DEVOBJ.dll
0x0000000072830000 - 0x000000007283f000 	C:\Program Files\Java\jdk1.8.0_45\jre\bin\verify.dll
0x0000000072440000 - 0x0000000072469000 	C:\Program Files\Java\jdk1.8.0_45\jre\bin\java.dll
0x0000000072420000 - 0x0000000072436000 	C:\Program Files\Java\jdk1.8.0_45\jre\bin\zip.dll
0x00007ffd295d0000 - 0x00007ffd29758000 	C:\Windows\SYSTEM32\dbghelp.dll

VM Arguments:
jvm_args: -Xmx1024M -Dfile.encoding=windows-1252 -Duser.country=US -Duser.language=en -Duser.variant 
java_command: com.android.dx.command.Main --dex --num-threads=4 --output G:\AndroidProjecto\AlarmKuliah\app\build\intermediates\pre-dexed\debug\classes-613dc4a09a6a02dec68ef9085a237c4f09a72b65.jar G:\AndroidProjecto\AlarmKuliah\app\build\intermediates\exploded-aar\com.android.support\support-v4\23.0.1\jars\classes.jar
java_class_path (initial): C:\Users\PERSONAL\AppData\Local\Android\sdk\build-tools\23.0.1\lib\dx.jar
Launcher Type: SUN_STANDARD

Environment Variables:
PATH=C:\oraclexe\app\oracle\product\11.2.0\server\bin;C:\ProgramData\Oracle\Java\javapath;C:\Program Files (x86)\NVIDIA Corporation\PhysX\Common;C:\Windows\system32;C:\Windows;C:\Windows\System32\Wbem;C:\Windows\System32\WindowsPowerShell\v1.0\;C:\Program Files (x86)\CodeBlocks\MinGW\bin;C:\xampp\php;C:\ProgramData\ComposerSetup\bin;C:\Users\PERSONAL\AppData\Roaming\Composer\vendor\bin;C:\adbfastboot;G:\Android Studio\gradle\gradle-2.4\bin;C:\Users\PERSONAL\AppData\Local\Android\sdk\platform-tools;C:\Program Files\MATLAB\R2014b\runtime\win64;C:\Program Files\MATLAB\R2014b\bin;C:\Program Files\nodejs\;C:\Program Files (x86)\Skype\Phone\;C:\Program Files (x86)\Heroku\bin;C:\Program Files (x86)\git\cmd;C:\Users\PERSONAL\AppData\Roaming\npm;C:\Program Files\nodejs\;C:\Users\PERSONAL\AppData\Local\atom\bin
USERNAME=PERSONAL
OS=Windows_NT
PROCESSOR_IDENTIFIER=Intel64 Family 6 Model 61 Stepping 4, GenuineIntel



---------------  S Y S T E M  ---------------

OS: Windows 8.1 , 64 bit Build 9600 (6.3.9600.17031)

CPU:total 4 (2 cores per cpu, 2 threads per core) family 6 model 61 stepping 4, cmov, cx8, fxsr, mmx, sse, sse2, sse3, ssse3, sse4.1, sse4.2, popcnt, avx, avx2, aes, clmul, erms, 3dnowpref, lzcnt, ht, tsc, tscinvbit, bmi1, bmi2, adx

Memory: 4k page, physical 4091592k(241860k free), swap 7237320k(9588k free)

vm_info: Java HotSpot(TM) 64-Bit Server VM (25.45-b02) for windows-amd64 JRE (1.8.0_45-b15), built on Apr 30 2015 12:40:44 by "java_re" with MS VC++ 10.0 (VS2010)

time: Fri Dec 25 12:24:23 2015
elapsed time: 11 seconds (0d 0h 0m 11s)

