#
# There is insufficient memory for the Java Runtime Environment to continue.
# Native memory allocation (malloc) failed to allocate 40464 bytes for Chunk::new
# Possible reasons:
#   The system is out of physical RAM or swap space
#   In 32 bit mode, the process size limit was hit
# Possible solutions:
#   Reduce memory load on the system
#   Increase physical memory or swap space
#   Check if swap backing store is full
#   Use 64 bit Java on a 64 bit OS
#   Decrease Java heap size (-Xmx/-Xms)
#   Decrease number of Java threads
#   Decrease Java thread stack sizes (-Xss)
#   Set larger code cache with -XX:ReservedCodeCacheSize=
# This output file may be truncated or incomplete.
#
#  Out of Memory Error (allocation.cpp:390), pid=4932, tid=5704
#
# JRE version: Java(TM) SE Runtime Environment (8.0_45-b15) (build 1.8.0_45-b15)
# Java VM: Java HotSpot(TM) 64-Bit Server VM (25.45-b02 mixed mode windows-amd64 compressed oops)
# Failed to write core dump. Minidumps are not enabled by default on client versions of Windows
#

---------------  T H R E A D  ---------------

Current thread (0x000000001491c000):  JavaThread "C1 CompilerThread2" daemon [_thread_in_native, id=5704, stack(0x0000000016010000,0x0000000016110000)]

Stack: [0x0000000016010000,0x0000000016110000]
Native frames: (J=compiled Java code, j=interpreted, Vv=VM code, C=native code)
V  [jvm.dll+0x32b57a]


Current CompileTask:
C1:   3156  508   !   3       com.android.dx.cf.code.BytecodeArray::parseInstruction (2764 bytes)


---------------  P R O C E S S  ---------------

Java Threads: ( => current thread )
  0x000000001638b000 JavaThread "pool-1-thread-4" [_thread_in_Java, id=5104, stack(0x0000000016b10000,0x0000000016c10000)]
  0x000000001637c000 JavaThread "pool-1-thread-3" [_thread_in_Java, id=7104, stack(0x0000000016a10000,0x0000000016b10000)]
  0x000000001636f800 JavaThread "pool-1-thread-2" [_thread_in_Java, id=6816, stack(0x0000000016910000,0x0000000016a10000)]
  0x000000001636c800 JavaThread "pool-2-thread-1" [_thread_blocked, id=7036, stack(0x0000000016810000,0x0000000016910000)]
  0x000000001636a000 JavaThread "pool-1-thread-1" [_thread_in_Java, id=6672, stack(0x0000000016710000,0x0000000016810000)]
  0x000000001491e800 JavaThread "Service Thread" daemon [_thread_blocked, id=4444, stack(0x0000000016510000,0x0000000016610000)]
=>0x000000001491c000 JavaThread "C1 CompilerThread2" daemon [_thread_in_native, id=5704, stack(0x0000000016010000,0x0000000016110000)]
  0x00000000148bf800 JavaThread "C2 CompilerThread1" daemon [_thread_blocked, id=6268, stack(0x0000000015f10000,0x0000000016010000)]
  0x00000000148bc000 JavaThread "C2 CompilerThread0" daemon [_thread_blocked, id=6524, stack(0x0000000015e10000,0x0000000015f10000)]
  0x00000000148ba800 JavaThread "Attach Listener" daemon [_thread_blocked, id=6032, stack(0x0000000015d10000,0x0000000015e10000)]
  0x00000000148b9800 JavaThread "Signal Dispatcher" daemon [_thread_blocked, id=5964, stack(0x0000000015c10000,0x0000000015d10000)]
  0x00000000021e0800 JavaThread "Finalizer" daemon [_thread_blocked, id=6824, stack(0x0000000015b10000,0x0000000015c10000)]
  0x00000000021dd000 JavaThread "Reference Handler" daemon [_thread_blocked, id=3592, stack(0x0000000015a10000,0x0000000015b10000)]
  0x00000000020f0800 JavaThread "main" [_thread_in_Java, id=1440, stack(0x0000000001ef0000,0x0000000001ff0000)]

Other Threads:
  0x0000000014887800 VMThread [stack: 0x0000000015910000,0x0000000015a10000] [id=6980]
  0x000000001611c000 WatcherThread [stack: 0x0000000016610000,0x0000000016710000] [id=6036]

VM state:not at safepoint (normal execution)

VM Mutex/Monitor currently owned by a thread: None

Heap:
 PSYoungGen      total 18944K, used 10274K [0x00000000eab00000, 0x00000000ec000000, 0x0000000100000000)
  eden space 16384K, 62% used [0x00000000eab00000,0x00000000eb508800,0x00000000ebb00000)
  from space 2560K, 0% used [0x00000000ebd80000,0x00000000ebd80000,0x00000000ec000000)
  to   space 2560K, 0% used [0x00000000ebb00000,0x00000000ebb00000,0x00000000ebd80000)
 ParOldGen       total 44032K, used 0K [0x00000000c0000000, 0x00000000c2b00000, 0x00000000eab00000)
  object space 44032K, 0% used [0x00000000c0000000,0x00000000c0000000,0x00000000c2b00000)
 Metaspace       used 5301K, capacity 6448K, committed 6528K, reserved 1056768K
  class space    used 575K, capacity 616K, committed 640K, reserved 1048576K

Card table byte_map: [0x00000000115b0000,0x00000000117c0000] byte_map_base: 0x0000000010fb0000

Marking Bits: (ParMarkBitMap*) 0x0000000071f34040
 Begin Bits: [0x0000000011d20000, 0x0000000012d20000)
 End Bits:   [0x0000000012d20000, 0x0000000013d20000)

Polling page: 0x0000000000730000

CodeCache: size=245760Kb used=2153Kb max_used=2165Kb free=243606Kb
 bounds [0x00000000021f0000, 0x0000000002460000, 0x00000000111f0000]
 total_blobs=775 nmethods=506 adapters=182
 compilation: enabled

Compilation events (10 events):
Event: 3.115 Thread 0x000000001491c000 nmethod 491 0x0000000002406a10 code [0x0000000002406b60, 0x0000000002406c70]
Event: 3.115 Thread 0x000000001491c000  503   !   3       com.android.dx.rop.code.RegisterSpecSet::put (104 bytes)
Event: 3.118 Thread 0x000000001491c000 nmethod 503 0x0000000002406cd0 code [0x0000000002406f20, 0x0000000002407ec8]
Event: 3.118 Thread 0x000000001491c000  504       3       com.android.dx.dex.code.DalvInsn::<init> (67 bytes)
Event: 3.119 Thread 0x000000001491c000 nmethod 504 0x0000000002408850 code [0x0000000002408a00, 0x0000000002408ec8]
Event: 3.119 Thread 0x000000001491c000  506       3       com.android.dx.rop.code.BasicBlockList::labelToBlock (46 bytes)
Event: 3.121 Thread 0x00000000148bf800  513       4       java.util.HashMap::getNode (148 bytes)
Event: 3.121 Thread 0x000000001491c000 nmethod 506 0x00000000024090d0 code [0x0000000002409300, 0x000000000240a048]
Event: 3.121 Thread 0x000000001491c000  508   !   3       com.android.dx.cf.code.BytecodeArray::parseInstruction (2764 bytes)
Event: 3.138 Thread 0x00000000148bf800 nmethod 513 0x000000000240d510 code [0x000000000240d680, 0x000000000240da48]

GC Heap History (0 events):
No events

Deoptimization events (0 events):
No events

Internal exceptions (2 events):
Event: 0.361 Thread 0x00000000020f0800 Exception <a 'java/lang/NoSuchMethodError': Method sun.misc.Unsafe.defineClass(Ljava/lang/String;[BII)Ljava/lang/Class; name or signature does not match> (0x00000000eab0d2c8) thrown at [C:\re\workspace\8-2-build-windows-amd64-cygwin\jdk8u45\3627\hotspot\srè/›æ~×?
Event: 0.361 Thread 0x00000000020f0800 Exception <a 'java/lang/NoSuchMethodError': Method sun.misc.Unsafe.prefetchRead(Ljava/lang/Object;J)V name or signature does not match> (0x00000000eab0d558) thrown at [C:\re\workspace\8-2-build-windows-amd64-cygwin\jdk8u45\3627\hotspot\src\share\vm\prims\j

Events (10 events):
Event: 3.010 loading class java/io/PrintWriter
Event: 3.020 loading class java/io/PrintWriter done
Event: 3.020 loading class com/android/dx/dex/file/DebugInfoItem
Event: 3.020 loading class com/android/dx/dex/file/DebugInfoItem done
Event: 3.037 loading class com/android/dx/cf/code/Ropper$ExceptionHandlerSetup
Event: 3.037 loading class com/android/dx/cf/code/Ropper$ExceptionHandlerSetup done
Event: 3.048 loading class com/android/dx/ssa/PhiInsn$Operand
Event: 3.048 loading class com/android/dx/ssa/PhiInsn$Operand done
Event: 3.054 loading class com/android/dx/ssa/back/FirstFitLocalCombiningAllocator$Multiset
Event: 3.054 loading class com/android/dx/ssa/back/FirstFitLocalCombiningAllocator$Multiset done


Dynamic libraries:
0x00007ff632040000 - 0x00007ff632077000 	C:\Program Files\Java\jdk1.8.0_45\bin\java.exe
0x00007ffd3bb90000 - 0x00007ffd3bd3a000 	C:\Windows\SYSTEM32\ntdll.dll
0x00007ffd399a0000 - 0x00007ffd39ada000 	C:\Windows\system32\KERNEL32.DLL
0x00007ffd392b0000 - 0x00007ffd393c0000 	C:\Windows\system32\KERNELBASE.dll
0x00007ffd37b30000 - 0x00007ffd37bb8000 	C:\Windows\system32\apphelp.dll
0x00007ffd2e870000 - 0x00007ffd2e8bf000 	C:\Windows\AppPatch\AppPatch64\AcGenral.DLL
0x00007ffd39bc0000 - 0x00007ffd39c67000 	C:\Windows\system32\msvcrt.dll
0x00007ffd38d40000 - 0x00007ffd38d6b000 	C:\Windows\SYSTEM32\SspiCli.dll
0x00007ffd3a3c0000 - 0x00007ffd3a411000 	C:\Windows\system32\SHLWAPI.dll
0x00007ffd3a060000 - 0x00007ffd3a1d1000 	C:\Windows\system32\USER32.dll
0x00007ffd39530000 - 0x00007ffd396a8000 	C:\Windows\system32\ole32.dll
0x00007ffd3a4e0000 - 0x00007ffd3b8f7000 	C:\Windows\system32\SHELL32.dll
0x00007ffd38570000 - 0x00007ffd3858f000 	C:\Windows\SYSTEM32\USERENV.dll
0x00007ffd39fa0000 - 0x00007ffd3a045000 	C:\Windows\system32\ADVAPI32.dll
0x00007ffd30500000 - 0x00007ffd3051b000 	C:\Windows\SYSTEM32\MPR.dll
0x00007ffd396b0000 - 0x00007ffd397e6000 	C:\Windows\system32\RPCRT4.dll
0x00007ffd394d0000 - 0x00007ffd39527000 	C:\Windows\SYSTEM32\sechost.dll
0x00007ffd3a1e0000 - 0x00007ffd3a3b6000 	C:\Windows\SYSTEM32\combase.dll
0x00007ffd397f0000 - 0x00007ffd39935000 	C:\Windows\system32\GDI32.dll
0x00007ffd38f00000 - 0x00007ffd38f14000 	C:\Windows\SYSTEM32\profapi.dll
0x00007ffd37540000 - 0x00007ffd375df000 	C:\Windows\SYSTEM32\SHCORE.dll
0x00007ffd3baa0000 - 0x00007ffd3bad4000 	C:\Windows\system32\IMM32.DLL
0x00007ffd39c80000 - 0x00007ffd39db9000 	C:\Windows\system32\MSCTF.dll
0x00007ffd37110000 - 0x00007ffd3736a000 	C:\Windows\WinSxS\amd64_microsoft.windows.common-controls_6595b64144ccf1df_6.0.9600.17031_none_6242a4b3ecbb55a1\COMCTL32.dll
0x0000000071390000 - 0x0000000071462000 	C:\Program Files\Java\jdk1.8.0_45\jre\bin\msvcr100.dll
0x0000000071730000 - 0x0000000071fb3000 	C:\Program Files\Java\jdk1.8.0_45\jre\bin\server\jvm.dll
0x00007ffd36ab0000 - 0x00007ffd36ab9000 	C:\Windows\SYSTEM32\WSOCK32.dll
0x00007ffd36540000 - 0x00007ffd3655f000 	C:\Windows\SYSTEM32\WINMM.dll
0x00007ffd365d0000 - 0x00007ffd365da000 	C:\Windows\SYSTEM32\VERSION.dll
0x00007ffd3a050000 - 0x00007ffd3a057000 	C:\Windows\system32\PSAPI.DLL
0x00007ffd3a480000 - 0x00007ffd3a4d8000 	C:\Windows\system32\WS2_32.dll
0x00007ffd36400000 - 0x00007ffd3642a000 	C:\Windows\SYSTEM32\WINMMBASE.dll
0x00007ffd39c70000 - 0x00007ffd39c79000 	C:\Windows\system32\NSI.dll
0x00007ffd393c0000 - 0x00007ffd3940a000 	C:\Windows\SYSTEM32\cfgmgr32.dll
0x00007ffd37d80000 - 0x00007ffd37da6000 	C:\Windows\SYSTEM32\DEVOBJ.dll
0x0000000072830000 - 0x000000007283f000 	C:\Program Files\Java\jdk1.8.0_45\jre\bin\verify.dll
0x0000000072440000 - 0x0000000072469000 	C:\Program Files\Java\jdk1.8.0_45\jre\bin\java.dll
0x0000000072420000 - 0x0000000072436000 	C:\Program Files\Java\jdk1.8.0_45\jre\bin\zip.dll

VM Arguments:
jvm_args: -Xmx1024M -Dfile.encoding=windows-1252 -Duser.country=US -Duser.language=en -Duser.variant 
java_command: com.android.dx.command.Main --dex --num-threads=4 --output G:\AndroidProjecto\AlarmKuliah\app\build\intermediates\pre-dexed\debug\classes-9a3d2e19c20859a37d6b5d18b7ae0770d1d09492.jar G:\AndroidProjecto\AlarmKuliah\app\build\intermediates\exploded-aar\com.android.support\appcompat-v7\23.0.1\jars\classes.jar
java_class_path (initial): C:\Users\PERSONAL\AppData\Local\Android\sdk\build-tools\23.0.1\lib\dx.jar
Launcher Type: SUN_STANDARD

Environment Variables:
PATH=C:\oraclexe\app\oracle\product\11.2.0\server\bin;C:\ProgramData\Oracle\Java\javapath;C:\Program Files (x86)\NVIDIA Corporation\PhysX\Common;C:\Windows\system32;C:\Windows;C:\Windows\System32\Wbem;C:\Windows\System32\WindowsPowerShell\v1.0\;C:\Program Files (x86)\CodeBlocks\MinGW\bin;C:\xampp\php;C:\ProgramData\ComposerSetup\bin;C:\Users\PERSONAL\AppData\Roaming\Composer\vendor\bin;C:\adbfastboot;G:\Android Studio\gradle\gradle-2.4\bin;C:\Users\PERSONAL\AppData\Local\Android\sdk\platform-tools;C:\Program Files\MATLAB\R2014b\runtime\win64;C:\Program Files\MATLAB\R2014b\bin;C:\Program Files\nodejs\;C:\Program Files (x86)\Skype\Phone\;C:\Program Files (x86)\Heroku\bin;C:\Program Files (x86)\git\cmd;C:\Users\PERSONAL\AppData\Roaming\npm;C:\Program Files\nodejs\;C:\Users\PERSONAL\AppData\Local\atom\bin
USERNAME=PERSONAL
OS=Windows_NT
PROCESSOR_IDENTIFIER=Intel64 Family 6 Model 61 Stepping 4, GenuineIntel



---------------  S Y S T E M  ---------------

OS: Windows 8.1 , 64 bit Build 9600 (6.3.9600.17031)

CPU:total 4 (2 cores per cpu, 2 threads per core) family 6 model 61 stepping 4, cmov, cx8, fxsr, mmx, sse, sse2, sse3, ssse3, sse4.1, sse4.2, popcnt, avx, avx2, aes, clmul, erms, 3dnowpref, lzcnt, ht, tsc, tscinvbit, bmi1, bmi2, adx

Memory: 4k page, physical 4091592k(206540k free), swap 7237320k(4960k free)

vm_info: Java HotSpot(TM) 64-Bit Server VM (25.45-b02) for windows-amd64 JRE (1.8.0_45-b15), built on Apr 30 2015 12:40:44 by "java_re" with MS VC++ 10.0 (VS2010)

time: Fri Dec 25 12:13:02 2015
elapsed time: 3 seconds (0d 0h 0m 3s)

