#
# There is insufficient memory for the Java Runtime Environment to continue.
# Native memory allocation (malloc) failed to allocate 194192 bytes for Chunk::new
# Possible reasons:
#   The system is out of physical RAM or swap space
#   In 32 bit mode, the process size limit was hit
# Possible solutions:
#   Reduce memory load on the system
#   Increase physical memory or swap space
#   Check if swap backing store is full
#   Use 64 bit Java on a 64 bit OS
#   Decrease Java heap size (-Xmx/-Xms)
#   Decrease number of Java threads
#   Decrease Java thread stack sizes (-Xss)
#   Set larger code cache with -XX:ReservedCodeCacheSize=
# This output file may be truncated or incomplete.
#
#  Out of Memory Error (allocation.cpp:390), pid=6540, tid=6900
#
# JRE version: Java(TM) SE Runtime Environment (8.0_45-b15) (build 1.8.0_45-b15)
# Java VM: Java HotSpot(TM) 64-Bit Server VM (25.45-b02 mixed mode windows-amd64 compressed oops)
# Failed to write core dump. Minidumps are not enabled by default on client versions of Windows
#

---------------  T H R E A D  ---------------

Current thread (0x00000000153c1000):  JavaThread "C2 CompilerThread1" daemon [_thread_in_native, id=6900, stack(0x0000000016a20000,0x0000000016b20000)]

Stack: [0x0000000016a20000,0x0000000016b20000]
Native frames: (J=compiled Java code, j=interpreted, Vv=VM code, C=native code)
V  [jvm.dll+0x32b57a]
V  [jvm.dll+0x279873]
V  [jvm.dll+0x27a509]
V  [jvm.dll+0x271825]
V  [jvm.dll+0xcb9e2]
V  [jvm.dll+0xcbeac]
V  [jvm.dll+0xcc204]
V  [jvm.dll+0xeada5]
V  [jvm.dll+0x4b09b4]
V  [jvm.dll+0x4bc7d5]
V  [jvm.dll+0x4c9641]
V  [jvm.dll+0x4cbc15]
V  [jvm.dll+0x4cbd1b]
V  [jvm.dll+0x4b9b23]
V  [jvm.dll+0x46bc14]
V  [jvm.dll+0x46ccbe]
V  [jvm.dll+0x4500f2]
V  [jvm.dll+0xa4352]
V  [jvm.dll+0xa4c8f]
V  [jvm.dll+0x241984]
V  [jvm.dll+0x29853a]
C  [msvcr100.dll+0x21d9f]
C  [msvcr100.dll+0x21e3b]
C  [KERNEL32.DLL+0x168d]
C  [ntdll.dll+0x74629]


Current CompileTask:
C2:  35907 1208       4       com.android.dx.ssa.SCCP::simulateStmt (481 bytes)


---------------  P R O C E S S  ---------------

Java Threads: ( => current thread )
  0x0000000016e9b000 JavaThread "pool-1-thread-4" [_thread_blocked, id=192, stack(0x0000000017620000,0x0000000017720000)]
  0x0000000016e9a800 JavaThread "pool-1-thread-3" [_thread_blocked, id=3732, stack(0x0000000017520000,0x0000000017620000)]
  0x0000000016ea3000 JavaThread "pool-1-thread-2" [_thread_blocked, id=864, stack(0x0000000017420000,0x0000000017520000)]
  0x0000000016e8e000 JavaThread "pool-2-thread-1" [_thread_blocked, id=3172, stack(0x0000000017320000,0x0000000017420000)]
  0x0000000016e83000 JavaThread "pool-1-thread-1" [_thread_blocked, id=5388, stack(0x0000000017220000,0x0000000017320000)]
  0x0000000016c2d800 JavaThread "Service Thread" daemon [_thread_blocked, id=4936, stack(0x0000000017020000,0x0000000017120000)]
  0x000000001541a000 JavaThread "C1 CompilerThread2" daemon [_thread_in_native, id=5072, stack(0x0000000016b20000,0x0000000016c20000)]
=>0x00000000153c1000 JavaThread "C2 CompilerThread1" daemon [_thread_in_native, id=6900, stack(0x0000000016a20000,0x0000000016b20000)]
  0x00000000153bd000 JavaThread "C2 CompilerThread0" daemon [_thread_in_native, id=3228, stack(0x0000000016920000,0x0000000016a20000)]
  0x00000000153bb800 JavaThread "Attach Listener" daemon [_thread_blocked, id=1816, stack(0x0000000016820000,0x0000000016920000)]
  0x00000000153ba800 JavaThread "Signal Dispatcher" daemon [_thread_blocked, id=1992, stack(0x0000000016720000,0x0000000016820000)]
  0x0000000002ce0800 JavaThread "Finalizer" daemon [_thread_blocked, id=2712, stack(0x0000000016620000,0x0000000016720000)]
  0x0000000002cdd000 JavaThread "Reference Handler" daemon [_thread_blocked, id=4272, stack(0x0000000016520000,0x0000000016620000)]
  0x0000000002bf0800 JavaThread "main" [_thread_in_vm, id=3684, stack(0x0000000002ab0000,0x0000000002bb0000)]

Other Threads:
  0x0000000015387800 VMThread [stack: 0x0000000016420000,0x0000000016520000] [id=188]
  0x0000000016c20800 WatcherThread [stack: 0x0000000017120000,0x0000000017220000] [id=4768]

VM state:synchronizing (normal execution)

VM Mutex/Monitor currently owned by a thread:  ([mutex/lock_event])
[0x000000000136cda0] Threads_lock - owner thread: 0x0000000015387800
[0x000000000136d5b0] MethodData_lock - owner thread: 0x0000000002bf0800

Heap:
 PSYoungGen      total 18944K, used 8385K [0x00000000eab00000, 0x00000000ec000000, 0x0000000100000000)
  eden space 16384K, 35% used [0x00000000eab00000,0x00000000eb0b4560,0x00000000ebb00000)
  from space 2560K, 99% used [0x00000000ebd80000,0x00000000ebffc038,0x00000000ec000000)
  to   space 2560K, 0% used [0x00000000ebb00000,0x00000000ebb00000,0x00000000ebd80000)
 ParOldGen       total 44032K, used 4012K [0x00000000c0000000, 0x00000000c2b00000, 0x00000000eab00000)
  object space 44032K, 9% used [0x00000000c0000000,0x00000000c03eb2d8,0x00000000c2b00000)
 Metaspace       used 5916K, capacity 6960K, committed 7040K, reserved 1056768K
  class space    used 584K, capacity 616K, committed 640K, reserved 1048576K

Card table byte_map: [0x00000000120b0000,0x00000000122c0000] byte_map_base: 0x0000000011ab0000

Marking Bits: (ParMarkBitMap*) 0x0000000071f34040
 Begin Bits: [0x0000000012820000, 0x0000000013820000)
 End Bits:   [0x0000000013820000, 0x0000000014820000)

Polling page: 0x0000000001310000

CodeCache: size=245760Kb used=4995Kb max_used=4995Kb free=240764Kb
 bounds [0x0000000002cf0000, 0x00000000031e0000, 0x0000000011cf0000]
 total_blobs=1543 nmethods=1274 adapters=182
 compilation: enabled

Compilation events (10 events):
Event: 17.905 Thread 0x000000001541a000 nmethod 1237 0x00000000031b2d90 code [0x00000000031b3160, 0x00000000031b50c8]
Event: 17.905 Thread 0x000000001541a000 1238       3       com.android.dx.rop.cst.CstType::equals (29 bytes)
Event: 17.906 Thread 0x00000000153bd000 nmethod 1236 0x00000000031a4a10 code [0x00000000031a4b80, 0x00000000031a4d08]
Event: 17.906 Thread 0x00000000153bd000 1229       4       com.android.dx.util.FixedSizeList::hashCode (8 bytes)
Event: 17.906 Thread 0x000000001541a000 nmethod 1238 0x00000000031b6fd0 code [0x00000000031b7140, 0x00000000031b7530]
Event: 17.906 Thread 0x000000001541a000 1228       3       com.android.dx.rop.type.StdTypeList::equalContents (56 bytes)
Event: 17.907 Thread 0x000000001541a000 nmethod 1228 0x00000000031b6290 code [0x00000000031b6460, 0x00000000031b6d28]
Event: 17.907 Thread 0x000000001541a000 1226       1       com.android.dx.rop.code.LocalItem::getName (5 bytes)
Event: 17.907 Thread 0x000000001541a000 nmethod 1226 0x00000000031ad250 code [0x00000000031ad3a0, 0x00000000031ad4b0]
Event: 17.915 Thread 0x00000000153bd000 nmethod 1229 0x00000000031b1290 code [0x00000000031b13e0, 0x00000000031b1658]

GC Heap History (2 events):
Event: 16.635 GC heap before
{Heap before GC invocations=1 (full 0):
 PSYoungGen      total 18944K, used 16384K [0x00000000eab00000, 0x00000000ec000000, 0x0000000100000000)
  eden space 16384K, 100% used [0x00000000eab00000,0x00000000ebb00000,0x00000000ebb00000)
  from space 2560K, 0% used [0x00000000ebd80000,0x00000000ebd80000,0x00000000ec000000)
  to   space 2560K, 0% used [0x00000000ebb00000,0x00000000ebb00000,0x00000000ebd80000)
 ParOldGen       total 44032K, used 0K [0x00000000c0000000, 0x00000000c2b00000, 0x00000000eab00000)
  object space 44032K, 0% used [0x00000000c0000000,0x00000000c0000000,0x00000000c2b00000)
 Metaspace       used 5655K, capacity 6768K, committed 7040K, reserved 1056768K
  class space    used 581K, capacity 616K, committed 640K, reserved 1048576K
Event: 16.777 GC heap after
Heap after GC invocations=1 (full 0):
 PSYoungGen      total 18944K, used 2551K [0x00000000eab00000, 0x00000000ec000000, 0x0000000100000000)
  eden space 16384K, 0% used [0x00000000eab00000,0x00000000eab00000,0x00000000ebb00000)
  from space 2560K, 99% used [0x00000000ebb00000,0x00000000ebd7dc78,0x00000000ebd80000)
  to   space 2560K, 0% used [0x00000000ebd80000,0x00000000ebd80000,0x00000000ec000000)
 ParOldGen       total 44032K, used 1659K [0x00000000c0000000, 0x00000000c2b00000, 0x00000000eab00000)
  object space 44032K, 3% used [0x00000000c0000000,0x00000000c019ed10,0x00000000c2b00000)
 Metaspace       used 5655K, capacity 6768K, committed 7040K, reserved 1056768K
  class space    used 581K, capacity 616K, committed 640K, reserved 1048576K
}

Deoptimization events (8 events):
Event: 15.394 Thread 0x0000000016ea3000 Uncommon trap: reason=unstable_if action=reinterpret pc=0x0000000002f08a60 method=java.util.HashMap.getNode(ILjava/lang/Object;)Ljava/util/HashMap$Node; @ 129
Event: 15.434 Thread 0x0000000016e9a800 Uncommon trap: reason=unstable_if action=reinterpret pc=0x0000000002f21ff0 method=java.util.BitSet.nextSetBit(I)I @ 87
Event: 16.807 Thread 0x0000000016e9b000 Uncommon trap: reason=class_check action=maybe_recompile pc=0x0000000002fa7db0 method=com.android.dx.ssa.NormalSsaInsn.accept(Lcom/android/dx/ssa/SsaInsn$Visitor;)V @ 9
Event: 16.807 Thread 0x0000000016e9b000 Uncommon trap: reason=class_check action=maybe_recompile pc=0x0000000002fa7db0 method=com.android.dx.ssa.NormalSsaInsn.accept(Lcom/android/dx/ssa/SsaInsn$Visitor;)V @ 9
Event: 16.807 Thread 0x0000000016e9b000 Uncommon trap: reason=class_check action=maybe_recompile pc=0x0000000002fa7db0 method=com.android.dx.ssa.NormalSsaInsn.accept(Lcom/android/dx/ssa/SsaInsn$Visitor;)V @ 9
Event: 16.807 Thread 0x0000000016e9b000 Uncommon trap: reason=class_check action=maybe_recompile pc=0x0000000002fa7db0 method=com.android.dx.ssa.NormalSsaInsn.accept(Lcom/android/dx/ssa/SsaInsn$Visitor;)V @ 9
Event: 16.807 Thread 0x0000000016e9b000 Uncommon trap: reason=class_check action=maybe_recompile pc=0x0000000002f7dbf0 method=com.android.dx.ssa.NormalSsaInsn.accept(Lcom/android/dx/ssa/SsaInsn$Visitor;)V @ 9
Event: 16.980 Thread 0x0000000016ea3000 Uncommon trap: reason=null_check action=make_not_entrant pc=0x0000000003052aa4 method=com.android.dx.rop.type.Type.equals(Ljava/lang/Object;)Z @ 8

Internal exceptions (3 events):
Event: 7.984 Thread 0x0000000002bf0800 Exception <a 'java/lang/NoSuchMethodError': Method sun.misc.Unsafe.defineClass(Ljava/lang/String;[BII)Ljava/lang/Class; name or signature does not match> (0x00000000eab0d508) thrown at [C:\re\workspace\8-2-build-windows-amd64-cygwin\jdk8u45\3627\hotspot\sr=íˇaS@
Event: 7.985 Thread 0x0000000002bf0800 Exception <a 'java/lang/NoSuchMethodError': Method sun.misc.Unsafe.prefetchRead(Ljava/lang/Object;J)V name or signature does not match> (0x00000000eab0d798) thrown at [C:\re\workspace\8-2-build-windows-amd64-cygwin\jdk8u45\3627\hotspot\src\share\vm\prims\jlê¯˚‹˙0@
Event: 16.980 Thread 0x0000000016ea3000 Implicit null exception at 0x00000000030529a2 to 0x0000000003052a95

Events (10 events):
Event: 16.980 Thread 0x0000000016ea3000 DEOPT PACKING pc=0x0000000003052aa4 sp=0x000000001751e850
Event: 16.980 Thread 0x0000000016ea3000 DEOPT UNPACKING pc=0x0000000002d3582a sp=0x000000001751e7e8 mode 2
Event: 17.043 loading class java/util/TreeMap$EntrySet
Event: 17.043 loading class java/util/TreeMap$EntrySet done
Event: 17.043 loading class java/util/TreeMap$EntryIterator
Event: 17.044 loading class java/util/TreeMap$EntryIterator done
Event: 17.044 Executing VM operation: Deoptimize
Event: 17.360 Executing VM operation: Deoptimize done
Event: 17.808 loading class com/android/dx/cf/attrib/AttLocalVariableTypeTable
Event: 17.808 loading class com/android/dx/cf/attrib/AttLocalVariableTypeTable done


Dynamic libraries:
0x00007ff632040000 - 0x00007ff632077000 	C:\Program Files\Java\jdk1.8.0_45\bin\java.exe
0x00007ffd3bb90000 - 0x00007ffd3bd3a000 	C:\Windows\SYSTEM32\ntdll.dll
0x00007ffd399a0000 - 0x00007ffd39ada000 	C:\Windows\system32\KERNEL32.DLL
0x00007ffd392b0000 - 0x00007ffd393c0000 	C:\Windows\system32\KERNELBASE.dll
0x00007ffd37b30000 - 0x00007ffd37bb8000 	C:\Windows\system32\apphelp.dll
0x00007ffd2e870000 - 0x00007ffd2e8bf000 	C:\Windows\AppPatch\AppPatch64\AcGenral.DLL
0x00007ffd39bc0000 - 0x00007ffd39c67000 	C:\Windows\system32\msvcrt.dll
0x00007ffd38d40000 - 0x00007ffd38d6b000 	C:\Windows\SYSTEM32\SspiCli.dll
0x00007ffd3a3c0000 - 0x00007ffd3a411000 	C:\Windows\system32\SHLWAPI.dll
0x00007ffd3a060000 - 0x00007ffd3a1d1000 	C:\Windows\system32\USER32.dll
0x00007ffd39530000 - 0x00007ffd396a8000 	C:\Windows\system32\ole32.dll
0x00007ffd3a4e0000 - 0x00007ffd3b8f7000 	C:\Windows\system32\SHELL32.dll
0x00007ffd38570000 - 0x00007ffd3858f000 	C:\Windows\SYSTEM32\USERENV.dll
0x00007ffd39fa0000 - 0x00007ffd3a045000 	C:\Windows\system32\ADVAPI32.dll
0x00007ffd30500000 - 0x00007ffd3051b000 	C:\Windows\SYSTEM32\MPR.dll
0x00007ffd396b0000 - 0x00007ffd397e6000 	C:\Windows\system32\RPCRT4.dll
0x00007ffd394d0000 - 0x00007ffd39527000 	C:\Windows\SYSTEM32\sechost.dll
0x00007ffd3a1e0000 - 0x00007ffd3a3b6000 	C:\Windows\SYSTEM32\combase.dll
0x00007ffd397f0000 - 0x00007ffd39935000 	C:\Windows\system32\GDI32.dll
0x00007ffd38f00000 - 0x00007ffd38f14000 	C:\Windows\SYSTEM32\profapi.dll
0x00007ffd37540000 - 0x00007ffd375df000 	C:\Windows\SYSTEM32\SHCORE.dll
0x00007ffd3baa0000 - 0x00007ffd3bad4000 	C:\Windows\system32\IMM32.DLL
0x00007ffd39c80000 - 0x00007ffd39db9000 	C:\Windows\system32\MSCTF.dll
0x00007ffd37110000 - 0x00007ffd3736a000 	C:\Windows\WinSxS\amd64_microsoft.windows.common-controls_6595b64144ccf1df_6.0.9600.17031_none_6242a4b3ecbb55a1\COMCTL32.dll
0x0000000071390000 - 0x0000000071462000 	C:\Program Files\Java\jdk1.8.0_45\jre\bin\msvcr100.dll
0x0000000071730000 - 0x0000000071fb3000 	C:\Program Files\Java\jdk1.8.0_45\jre\bin\server\jvm.dll
0x00007ffd36ab0000 - 0x00007ffd36ab9000 	C:\Windows\SYSTEM32\WSOCK32.dll
0x00007ffd36540000 - 0x00007ffd3655f000 	C:\Windows\SYSTEM32\WINMM.dll
0x00007ffd365d0000 - 0x00007ffd365da000 	C:\Windows\SYSTEM32\VERSION.dll
0x00007ffd3a050000 - 0x00007ffd3a057000 	C:\Windows\system32\PSAPI.DLL
0x00007ffd3a480000 - 0x00007ffd3a4d8000 	C:\Windows\system32\WS2_32.dll
0x00007ffd36400000 - 0x00007ffd3642a000 	C:\Windows\SYSTEM32\WINMMBASE.dll
0x00007ffd39c70000 - 0x00007ffd39c79000 	C:\Windows\system32\NSI.dll
0x00007ffd393c0000 - 0x00007ffd3940a000 	C:\Windows\SYSTEM32\cfgmgr32.dll
0x00007ffd37d80000 - 0x00007ffd37da6000 	C:\Windows\SYSTEM32\DEVOBJ.dll
0x0000000072830000 - 0x000000007283f000 	C:\Program Files\Java\jdk1.8.0_45\jre\bin\verify.dll
0x0000000072440000 - 0x0000000072469000 	C:\Program Files\Java\jdk1.8.0_45\jre\bin\java.dll
0x0000000072420000 - 0x0000000072436000 	C:\Program Files\Java\jdk1.8.0_45\jre\bin\zip.dll
0x00007ffd295d0000 - 0x00007ffd29758000 	C:\Windows\SYSTEM32\dbghelp.dll

VM Arguments:
jvm_args: -Xmx1024M -Dfile.encoding=windows-1252 -Duser.country=US -Duser.language=en -Duser.variant 
java_command: com.android.dx.command.Main --dex --num-threads=4 --output G:\AndroidProjecto\AlarmKuliah\app\build\intermediates\pre-dexed\debug\internal_impl-23.0.1-32ab4d4c316b299c13b0a90b86f3a72707b367c7.jar G:\AndroidProjecto\AlarmKuliah\app\build\intermediates\exploded-aar\com.android.support\support-v4\23.0.1\jars\libs\internal_impl-23.0.1.jar
java_class_path (initial): C:\Users\PERSONAL\AppData\Local\Android\sdk\build-tools\23.0.1\lib\dx.jar
Launcher Type: SUN_STANDARD

Environment Variables:
PATH=C:\oraclexe\app\oracle\product\11.2.0\server\bin;C:\ProgramData\Oracle\Java\javapath;C:\Program Files (x86)\NVIDIA Corporation\PhysX\Common;C:\Windows\system32;C:\Windows;C:\Windows\System32\Wbem;C:\Windows\System32\WindowsPowerShell\v1.0\;C:\Program Files (x86)\CodeBlocks\MinGW\bin;C:\xampp\php;C:\ProgramData\ComposerSetup\bin;C:\Users\PERSONAL\AppData\Roaming\Composer\vendor\bin;C:\adbfastboot;G:\Android Studio\gradle\gradle-2.4\bin;C:\Users\PERSONAL\AppData\Local\Android\sdk\platform-tools;C:\Program Files\MATLAB\R2014b\runtime\win64;C:\Program Files\MATLAB\R2014b\bin;C:\Program Files\nodejs\;C:\Program Files (x86)\Skype\Phone\;C:\Program Files (x86)\Heroku\bin;C:\Program Files (x86)\git\cmd;C:\Users\PERSONAL\AppData\Roaming\npm;C:\Program Files\nodejs\;C:\Users\PERSONAL\AppData\Local\atom\bin
USERNAME=PERSONAL
OS=Windows_NT
PROCESSOR_IDENTIFIER=Intel64 Family 6 Model 61 Stepping 4, GenuineIntel



---------------  S Y S T E M  ---------------

OS: Windows 8.1 , 64 bit Build 9600 (6.3.9600.17031)

CPU:total 4 (2 cores per cpu, 2 threads per core) family 6 model 61 stepping 4, cmov, cx8, fxsr, mmx, sse, sse2, sse3, ssse3, sse4.1, sse4.2, popcnt, avx, avx2, aes, clmul, erms, 3dnowpref, lzcnt, ht, tsc, tscinvbit, bmi1, bmi2, adx

Memory: 4k page, physical 4091592k(113064k free), swap 7237320k(218812k free)

vm_info: Java HotSpot(TM) 64-Bit Server VM (25.45-b02) for windows-amd64 JRE (1.8.0_45-b15), built on Apr 30 2015 12:40:44 by "java_re" with MS VC++ 10.0 (VS2010)

time: Fri Dec 25 12:15:02 2015
elapsed time: 35 seconds (0d 0h 0m 35s)

