#
# There is insufficient memory for the Java Runtime Environment to continue.
# Native memory allocation (malloc) failed to allocate 1212256 bytes for Chunk::new
# Possible reasons:
#   The system is out of physical RAM or swap space
#   In 32 bit mode, the process size limit was hit
# Possible solutions:
#   Reduce memory load on the system
#   Increase physical memory or swap space
#   Check if swap backing store is full
#   Use 64 bit Java on a 64 bit OS
#   Decrease Java heap size (-Xmx/-Xms)
#   Decrease number of Java threads
#   Decrease Java thread stack sizes (-Xss)
#   Set larger code cache with -XX:ReservedCodeCacheSize=
# This output file may be truncated or incomplete.
#
#  Out of Memory Error (allocation.cpp:390), pid=7064, tid=4576
#
# JRE version: Java(TM) SE Runtime Environment (8.0_45-b15) (build 1.8.0_45-b15)
# Java VM: Java HotSpot(TM) 64-Bit Server VM (25.45-b02 mixed mode windows-amd64 compressed oops)
# Failed to write core dump. Minidumps are not enabled by default on client versions of Windows
#

---------------  T H R E A D  ---------------

Current thread (0x00000000154dc000):  JavaThread "C2 CompilerThread0" daemon [_thread_in_native, id=4576, stack(0x0000000016a40000,0x0000000016b40000)]

Stack: [0x0000000016a40000,0x0000000016b40000]
Native frames: (J=compiled Java code, j=interpreted, Vv=VM code, C=native code)
V  [jvm.dll+0x32b57a]


Current CompileTask:
C2:  28035 1979       4       com.android.dx.ssa.ConstCollector::getConstsSortedByCountUse (386 bytes)


---------------  P R O C E S S  ---------------

Java Threads: ( => current thread )
  0x0000000016fcb800 JavaThread "pool-1-thread-4" [_thread_blocked, id=5388, stack(0x0000000017740000,0x0000000017840000)]
  0x0000000016fc7000 JavaThread "pool-1-thread-3" [_thread_blocked, id=3592, stack(0x0000000017640000,0x0000000017740000)]
  0x0000000016fc6000 JavaThread "pool-1-thread-2" [_thread_blocked, id=6300, stack(0x0000000017540000,0x0000000017640000)]
  0x0000000016fbd800 JavaThread "pool-2-thread-1" [_thread_blocked, id=6980, stack(0x0000000017440000,0x0000000017540000)]
  0x0000000016fb9800 JavaThread "pool-1-thread-1" [_thread_blocked, id=5548, stack(0x0000000017340000,0x0000000017440000)]
  0x0000000016d4c800 JavaThread "Service Thread" daemon [_thread_blocked, id=1588, stack(0x0000000017140000,0x0000000017240000)]
  0x0000000015539000 JavaThread "C1 CompilerThread2" daemon [_thread_blocked, id=4116, stack(0x0000000016c40000,0x0000000016d40000)]
  0x0000000015536000 JavaThread "C2 CompilerThread1" daemon [_thread_in_native, id=1340, stack(0x0000000016b40000,0x0000000016c40000)]
=>0x00000000154dc000 JavaThread "C2 CompilerThread0" daemon [_thread_in_native, id=4576, stack(0x0000000016a40000,0x0000000016b40000)]
  0x00000000154da800 JavaThread "Attach Listener" daemon [_thread_blocked, id=2988, stack(0x0000000016940000,0x0000000016a40000)]
  0x00000000154d9800 JavaThread "Signal Dispatcher" daemon [_thread_blocked, id=5064, stack(0x0000000016840000,0x0000000016940000)]
  0x0000000002e06000 JavaThread "Finalizer" daemon [_thread_blocked, id=4872, stack(0x0000000016740000,0x0000000016840000)]
  0x0000000002dfd000 JavaThread "Reference Handler" daemon [_thread_blocked, id=3456, stack(0x0000000016640000,0x0000000016740000)]
  0x0000000002d10800 JavaThread "main" [_thread_blocked, id=4272, stack(0x0000000002b40000,0x0000000002c40000)]

Other Threads:
  0x00000000154a7800 VMThread [stack: 0x0000000016540000,0x0000000016640000] [id=1084]
  0x0000000016d46000 WatcherThread [stack: 0x0000000017240000,0x0000000017340000] [id=6476]

VM state:at safepoint (normal execution)

VM Mutex/Monitor currently owned by a thread:  ([mutex/lock_event])
[0x0000000002cfca20] Threads_lock - owner thread: 0x00000000154a7800
[0x0000000002cfc7a0] Heap_lock - owner thread: 0x0000000016fb9800

Heap:
 PSYoungGen      total 68096K, used 2558K [0x00000000eab00000, 0x00000000ef000000, 0x0000000100000000)
  eden space 65536K, 0% used [0x00000000eab00000,0x00000000eab00000,0x00000000eeb00000)
  from space 2560K, 99% used [0x00000000eed80000,0x00000000eefff818,0x00000000ef000000)
  to   space 2560K, 0% used [0x00000000eeb00000,0x00000000eeb00000,0x00000000eed80000)
 ParOldGen       total 44032K, used 36432K [0x00000000c0000000, 0x00000000c2b00000, 0x00000000eab00000)
  object space 44032K, 82% used [0x00000000c0000000,0x00000000c2394258,0x00000000c2b00000)
 Metaspace       used 6315K, capacity 7220K, committed 7296K, reserved 1056768K
  class space    used 606K, capacity 620K, committed 640K, reserved 1048576K

Card table byte_map: [0x00000000121d0000,0x00000000123e0000] byte_map_base: 0x0000000011bd0000

Marking Bits: (ParMarkBitMap*) 0x0000000071f34040
 Begin Bits: [0x0000000012940000, 0x0000000013940000)
 End Bits:   [0x0000000013940000, 0x0000000014940000)

Polling page: 0x0000000001360000

CodeCache: size=245760Kb used=9457Kb max_used=9457Kb free=236302Kb
 bounds [0x0000000002e10000, 0x0000000003760000, 0x0000000011e10000]
 total_blobs=2254 nmethods=1984 adapters=182
 compilation: enabled

Compilation events (10 events):
Event: 26.236 Thread 0x0000000015539000 2111       2       com.android.dx.cf.attrib.InnerClassList::<init> (6 bytes)
Event: 26.236 Thread 0x0000000015539000 nmethod 2111 0x000000000374fad0 code [0x000000000374fc40, 0x000000000374fda8]
Event: 26.236 Thread 0x0000000015539000 2112   !   2       com.android.dx.cf.attrib.AttInnerClasses::<init> (43 bytes)
Event: 26.237 Thread 0x0000000015539000 nmethod 2112 0x000000000374fe50 code [0x000000000374ffe0, 0x00000000037502f8]
Event: 26.237 Thread 0x0000000015539000 2113       2       com.android.dx.cf.attrib.AttInnerClasses::byteLength (14 bytes)
Event: 26.237 Thread 0x0000000015539000 nmethod 2113 0x0000000003750510 code [0x0000000003750660, 0x00000000037507d0]
Event: 26.249 Thread 0x0000000015539000 2114       2       com.android.dx.cf.direct.StdAttributeFactory::sourceFile (94 bytes)
Event: 26.251 Thread 0x0000000015539000 nmethod 2114 0x0000000003750890 code [0x0000000003750b80, 0x0000000003751b08]
Event: 26.252 Thread 0x0000000015539000 2115       1       sun.reflect.generics.reflectiveObjects.ParameterizedTypeImpl::getRawType (5 bytes)
Event: 26.252 Thread 0x0000000015539000 nmethod 2115 0x0000000003753090 code [0x00000000037531e0, 0x00000000037532f0]

GC Heap History (10 events):
Event: 10.460 GC heap before
{Heap before GC invocations=1 (full 0):
 PSYoungGen      total 18944K, used 16384K [0x00000000eab00000, 0x00000000ec000000, 0x0000000100000000)
  eden space 16384K, 100% used [0x00000000eab00000,0x00000000ebb00000,0x00000000ebb00000)
  from space 2560K, 0% used [0x00000000ebd80000,0x00000000ebd80000,0x00000000ec000000)
  to   space 2560K, 0% used [0x00000000ebb00000,0x00000000ebb00000,0x00000000ebd80000)
 ParOldGen       total 44032K, used 0K [0x00000000c0000000, 0x00000000c2b00000, 0x00000000eab00000)
  object space 44032K, 0% used [0x00000000c0000000,0x00000000c0000000,0x00000000c2b00000)
 Metaspace       used 5613K, capacity 6704K, committed 6784K, reserved 1056768K
  class space    used 580K, capacity 616K, committed 640K, reserved 1048576K
Event: 10.819 GC heap after
Heap after GC invocations=1 (full 0):
 PSYoungGen      total 18944K, used 2533K [0x00000000eab00000, 0x00000000ed000000, 0x0000000100000000)
  eden space 16384K, 0% used [0x00000000eab00000,0x00000000eab00000,0x00000000ebb00000)
  from space 2560K, 98% used [0x00000000ebb00000,0x00000000ebd79620,0x00000000ebd80000)
  to   space 2560K, 0% used [0x00000000ecd80000,0x00000000ecd80000,0x00000000ed000000)
 ParOldGen       total 44032K, used 1913K [0x00000000c0000000, 0x00000000c2b00000, 0x00000000eab00000)
  object space 44032K, 4% used [0x00000000c0000000,0x00000000c01de5e0,0x00000000c2b00000)
 Metaspace       used 5613K, capacity 6704K, committed 6784K, reserved 1056768K
  class space    used 580K, capacity 616K, committed 640K, reserved 1048576K
}
Event: 14.268 GC heap before
{Heap before GC invocations=2 (full 0):
 PSYoungGen      total 18944K, used 18917K [0x00000000eab00000, 0x00000000ed000000, 0x0000000100000000)
  eden space 16384K, 100% used [0x00000000eab00000,0x00000000ebb00000,0x00000000ebb00000)
  from space 2560K, 98% used [0x00000000ebb00000,0x00000000ebd79620,0x00000000ebd80000)
  to   space 2560K, 0% used [0x00000000ecd80000,0x00000000ecd80000,0x00000000ed000000)
 ParOldGen       total 44032K, used 1913K [0x00000000c0000000, 0x00000000c2b00000, 0x00000000eab00000)
  object space 44032K, 4% used [0x00000000c0000000,0x00000000c01de5e0,0x00000000c2b00000)
 Metaspace       used 5905K, capacity 6960K, committed 7040K, reserved 1056768K
  class space    used 585K, capacity 616K, committed 640K, reserved 1048576K
Event: 14.522 GC heap after
Heap after GC invocations=2 (full 0):
 PSYoungGen      total 35328K, used 2553K [0x00000000eab00000, 0x00000000ed000000, 0x0000000100000000)
  eden space 32768K, 0% used [0x00000000eab00000,0x00000000eab00000,0x00000000ecb00000)
  from space 2560K, 99% used [0x00000000ecd80000,0x00000000ecffe5f0,0x00000000ed000000)
  to   space 2560K, 0% used [0x00000000ecb00000,0x00000000ecb00000,0x00000000ecd80000)
 ParOldGen       total 44032K, used 4799K [0x00000000c0000000, 0x00000000c2b00000, 0x00000000eab00000)
  object space 44032K, 10% used [0x00000000c0000000,0x00000000c04afde0,0x00000000c2b00000)
 Metaspace       used 5905K, capacity 6960K, committed 7040K, reserved 1056768K
  class space    used 585K, capacity 616K, committed 640K, reserved 1048576K
}
Event: 18.873 GC heap before
{Heap before GC invocations=3 (full 0):
 PSYoungGen      total 35328K, used 35321K [0x00000000eab00000, 0x00000000ed000000, 0x0000000100000000)
  eden space 32768K, 100% used [0x00000000eab00000,0x00000000ecb00000,0x00000000ecb00000)
  from space 2560K, 99% used [0x00000000ecd80000,0x00000000ecffe5f0,0x00000000ed000000)
  to   space 2560K, 0% used [0x00000000ecb00000,0x00000000ecb00000,0x00000000ecd80000)
 ParOldGen       total 44032K, used 4799K [0x00000000c0000000, 0x00000000c2b00000, 0x00000000eab00000)
  object space 44032K, 10% used [0x00000000c0000000,0x00000000c04afde0,0x00000000c2b00000)
 Metaspace       used 6119K, capacity 7092K, committed 7296K, reserved 1056768K
  class space    used 605K, capacity 620K, committed 640K, reserved 1048576K
Event: 18.916 GC heap after
Heap after GC invocations=3 (full 0):
 PSYoungGen      total 35328K, used 2550K [0x00000000eab00000, 0x00000000ef000000, 0x0000000100000000)
  eden space 32768K, 0% used [0x00000000eab00000,0x00000000eab00000,0x00000000ecb00000)
  from space 2560K, 99% used [0x00000000ecb00000,0x00000000ecd7d810,0x00000000ecd80000)
  to   space 2560K, 0% used [0x00000000eed80000,0x00000000eed80000,0x00000000ef000000)
 ParOldGen       total 44032K, used 9345K [0x00000000c0000000, 0x00000000c2b00000, 0x00000000eab00000)
  object space 44032K, 21% used [0x00000000c0000000,0x00000000c09205b0,0x00000000c2b00000)
 Metaspace       used 6119K, capacity 7092K, committed 7296K, reserved 1056768K
  class space    used 605K, capacity 620K, committed 640K, reserved 1048576K
}
Event: 21.416 GC heap before
{Heap before GC invocations=4 (full 0):
 PSYoungGen      total 35328K, used 35318K [0x00000000eab00000, 0x00000000ef000000, 0x0000000100000000)
  eden space 32768K, 100% used [0x00000000eab00000,0x00000000ecb00000,0x00000000ecb00000)
  from space 2560K, 99% used [0x00000000ecb00000,0x00000000ecd7d810,0x00000000ecd80000)
  to   space 2560K, 0% used [0x00000000eed80000,0x00000000eed80000,0x00000000ef000000)
 ParOldGen       total 44032K, used 9345K [0x00000000c0000000, 0x00000000c2b00000, 0x00000000eab00000)
  object space 44032K, 21% used [0x00000000c0000000,0x00000000c09205b0,0x00000000c2b00000)
 Metaspace       used 6187K, capacity 7092K, committed 7296K, reserved 1056768K
  class space    used 606K, capacity 620K, committed 640K, reserved 1048576K
Event: 21.579 GC heap after
Heap after GC invocations=4 (full 0):
 PSYoungGen      total 68096K, used 2548K [0x00000000eab00000, 0x00000000ef000000, 0x0000000100000000)
  eden space 65536K, 0% used [0x00000000eab00000,0x00000000eab00000,0x00000000eeb00000)
  from space 2560K, 99% used [0x00000000eed80000,0x00000000eeffd348,0x00000000ef000000)
  to   space 2560K, 0% used [0x00000000eeb00000,0x00000000eeb00000,0x00000000eed80000)
 ParOldGen       total 44032K, used 14320K [0x00000000c0000000, 0x00000000c2b00000, 0x00000000eab00000)
  object space 44032K, 32% used [0x00000000c0000000,0x00000000c0dfc198,0x00000000c2b00000)
 Metaspace       used 6187K, capacity 7092K, committed 7296K, reserved 1056768K
  class space    used 606K, capacity 620K, committed 640K, reserved 1048576K
}
Event: 25.217 GC heap before
{Heap before GC invocations=5 (full 0):
 PSYoungGen      total 68096K, used 68084K [0x00000000eab00000, 0x00000000ef000000, 0x0000000100000000)
  eden space 65536K, 100% used [0x00000000eab00000,0x00000000eeb00000,0x00000000eeb00000)
  from space 2560K, 99% used [0x00000000eed80000,0x00000000eeffd348,0x00000000ef000000)
  to   space 2560K, 0% used [0x00000000eeb00000,0x00000000eeb00000,0x00000000eed80000)
 ParOldGen       total 44032K, used 14320K [0x00000000c0000000, 0x00000000c2b00000, 0x00000000eab00000)
  object space 44032K, 32% used [0x00000000c0000000,0x00000000c0dfc198,0x00000000c2b00000)
 Metaspace       used 6240K, capacity 7156K, committed 7296K, reserved 1056768K
  class space    used 606K, capacity 620K, committed 640K, reserved 1048576K
Event: 25.633 GC heap after
Heap after GC invocations=5 (full 0):
 PSYoungGen      total 68096K, used 2544K [0x00000000eab00000, 0x00000000ef000000, 0x0000000100000000)
  eden space 65536K, 0% used [0x00000000eab00000,0x00000000eab00000,0x00000000eeb00000)
  from space 2560K, 99% used [0x00000000eeb00000,0x00000000eed7c088,0x00000000eed80000)
  to   space 2560K, 0% used [0x00000000eed80000,0x00000000eed80000,0x00000000ef000000)
 ParOldGen       total 44032K, used 24706K [0x00000000c0000000, 0x00000000c2b00000, 0x00000000eab00000)
  object space 44032K, 56% used [0x00000000c0000000,0x00000000c1820bc0,0x00000000c2b00000)
 Metaspace       used 6240K, capacity 7156K, committed 7296K, reserved 1056768K
  class space    used 606K, capacity 620K, committed 640K, reserved 1048576K
}

Deoptimization events (10 events):
Event: 21.850 Thread 0x0000000016fc7000 Uncommon trap: reason=bimorphic action=maybe_recompile pc=0x0000000003471410 method=com.android.dx.ssa.LiteralOpUpgrader.tryReplacingWithConstant(Lcom/android/dx/ssa/NormalSsaInsn;)Z @ 62
Event: 21.875 Thread 0x0000000016fb9800 Uncommon trap: reason=unstable_if action=reinterpret pc=0x000000000347833c method=com.android.dx.cf.code.LocalVariableList$Item.matchesPcAndIndex(II)Z @ 13
Event: 22.561 Thread 0x0000000016fb9800 Uncommon trap: reason=unstable_if action=reinterpret pc=0x00000000032870fc method=com.android.dx.util.IntList.binarysearch(I)I @ 105
Event: 22.562 Thread 0x0000000016fb9800 Uncommon trap: reason=unstable_if action=reinterpret pc=0x000000000352c1b4 method=com.android.dx.ssa.SsaBasicBlock.newFromRop(Lcom/android/dx/rop/code/RopMethod;ILcom/android/dx/ssa/SsaMethod;)Lcom/android/dx/ssa/SsaBasicBlock; @ 164
Event: 23.670 Thread 0x0000000016fb9800 Uncommon trap: reason=unstable_if action=reinterpret pc=0x000000000348efd4 method=com.android.dx.ssa.MoveParamCombiner$1.visitNonMoveInsn(Lcom/android/dx/ssa/NormalSsaInsn;)V @ 27
Event: 23.681 Thread 0x0000000016fc7000 Uncommon trap: reason=bimorphic action=maybe_recompile pc=0x0000000003471410 method=com.android.dx.ssa.LiteralOpUpgrader.tryReplacingWithConstant(Lcom/android/dx/ssa/NormalSsaInsn;)Z @ 62
Event: 23.687 Thread 0x0000000016fc7000 Uncommon trap: reason=bimorphic action=maybe_recompile pc=0x0000000003659d3c method=com.android.dx.cf.code.BytecodeArray.parseInstruction(ILcom/android/dx/cf/code/BytecodeArray$Visitor;)I @ 1130
Event: 23.687 Thread 0x0000000016fc7000 Uncommon trap: reason=bimorphic action=maybe_recompile pc=0x0000000003659d3c method=com.android.dx.cf.code.BytecodeArray.parseInstruction(ILcom/android/dx/cf/code/BytecodeArray$Visitor;)I @ 1130
Event: 23.814 Thread 0x0000000016fc6000 Uncommon trap: reason=unstable_if action=reinterpret pc=0x000000000353de34 method=com.android.dx.rop.code.LocalVariableExtractor.processBlock(I)V @ 195
Event: 25.652 Thread 0x0000000016fc6000 Uncommon trap: reason=unstable_if action=reinterpret pc=0x000000000346a060 method=com.android.dx.rop.code.LocalItem.compareHandlesNulls(Lcom/android/dx/rop/cst/CstString;Lcom/android/dx/rop/cst/CstString;)I @ 14

Internal exceptions (7 events):
Event: 0.427 Thread 0x0000000002d10800 Exception <a 'java/lang/NoSuchMethodError': Method sun.misc.Unsafe.defineClass(Ljava/lang/String;[BII)Ljava/lang/Class; name or signature does not match> (0x00000000eab0d330) thrown at [C:\re\workspace\8-2-build-windows-amd64-cygwin\jdk8u45\3627\hotspot\srÜŽ&PÛ?
Event: 0.427 Thread 0x0000000002d10800 Exception <a 'java/lang/NoSuchMethodError': Method sun.misc.Unsafe.prefetchRead(Ljava/lang/Object;J)V name or signature does not match> (0x00000000eab0d5c0) thrown at [C:\re\workspace\8-2-build-windows-amd64-cygwin\jdk8u45\3627\hotspot\src\share\vm\prims\jý×|¶ø2@
Event: 18.051 Thread 0x0000000002d10800 Exception <a 'java/lang/ArrayIndexOutOfBoundsException': 18> (0x00000000ec474298) thrown at [C:\re\workspace\8-2-build-windows-amd64-cygwin\jdk8u45\3627\hotspot\src\share\vm\interpreter\interpreterRuntime.cpp, line 366]
Event: 18.052 Thread 0x0000000002d10800 Exception <a 'java/lang/ArrayIndexOutOfBoundsException'> (0x00000000ec475d68) thrown at [C:\re\workspace\8-2-build-windows-amd64-cygwin\jdk8u45\3627\hotspot\src\share\vm\runtime\sharedRuntime.cpp, line 605]
Event: 18.178 Thread 0x0000000002d10800 Exception <a 'java/lang/ArrayIndexOutOfBoundsException'> (0x00000000ec476fa0) thrown at [C:\re\workspace\8-2-build-windows-amd64-cygwin\jdk8u45\3627\hotspot\src\share\vm\runtime\sharedRuntime.cpp, line 605]
Event: 18.229 Thread 0x0000000002d10800 Implicit null exception at 0x0000000003417fa0 to 0x000000000341aa75
Event: 25.652 Thread 0x0000000016fc6000 Implicit null exception at 0x0000000003468990 to 0x000000000346a031

Events (10 events):
Event: 25.785 Thread 0x0000000016fc7000 DEOPT PACKING pc=0x00000000036c1fbc sp=0x000000001773e970
Event: 25.785 Thread 0x0000000016fc7000 DEOPT UNPACKING pc=0x0000000002e5787f sp=0x000000001773e728 mode 0
Event: 25.806 Thread 0x0000000016fcb800 DEOPT PACKING pc=0x000000000361f842 sp=0x000000001783e8c0
Event: 25.806 Thread 0x0000000016fcb800 DEOPT UNPACKING pc=0x0000000002e5787f sp=0x000000001783e5f0 mode 0
Event: 25.812 Thread 0x0000000016fcb800 DEOPT PACKING pc=0x000000000322a085 sp=0x000000001783edc0
Event: 25.812 Thread 0x0000000016fcb800 DEOPT UNPACKING pc=0x0000000002e5787f sp=0x000000001783eb20 mode 0
Event: 26.106 Thread 0x0000000002d10800 DEOPT PACKING pc=0x0000000003538fe8 sp=0x0000000002c3eda0
Event: 26.106 Thread 0x0000000002d10800 DEOPT UNPACKING pc=0x0000000002e5787f sp=0x0000000002c3ea68 mode 0
Event: 26.122 Thread 0x0000000016fc7000 DEOPT PACKING pc=0x0000000003614e64 sp=0x000000001773e880
Event: 26.122 Thread 0x0000000016fc7000 DEOPT UNPACKING pc=0x0000000002e5787f sp=0x000000001773e570 mode 0


Dynamic libraries:
0x00007ff632040000 - 0x00007ff632077000 	C:\Program Files\Java\jdk1.8.0_45\bin\java.exe
0x00007ffd3bb90000 - 0x00007ffd3bd3a000 	C:\Windows\SYSTEM32\ntdll.dll
0x00007ffd399a0000 - 0x00007ffd39ada000 	C:\Windows\system32\KERNEL32.DLL
0x00007ffd392b0000 - 0x00007ffd393c0000 	C:\Windows\system32\KERNELBASE.dll
0x00007ffd37b30000 - 0x00007ffd37bb8000 	C:\Windows\system32\apphelp.dll
0x00007ffd2e870000 - 0x00007ffd2e8bf000 	C:\Windows\AppPatch\AppPatch64\AcGenral.DLL
0x00007ffd39bc0000 - 0x00007ffd39c67000 	C:\Windows\system32\msvcrt.dll
0x00007ffd38d40000 - 0x00007ffd38d6b000 	C:\Windows\SYSTEM32\SspiCli.dll
0x00007ffd3a3c0000 - 0x00007ffd3a411000 	C:\Windows\system32\SHLWAPI.dll
0x00007ffd3a060000 - 0x00007ffd3a1d1000 	C:\Windows\system32\USER32.dll
0x00007ffd39530000 - 0x00007ffd396a8000 	C:\Windows\system32\ole32.dll
0x00007ffd3a4e0000 - 0x00007ffd3b8f7000 	C:\Windows\system32\SHELL32.dll
0x00007ffd38570000 - 0x00007ffd3858f000 	C:\Windows\SYSTEM32\USERENV.dll
0x00007ffd39fa0000 - 0x00007ffd3a045000 	C:\Windows\system32\ADVAPI32.dll
0x00007ffd30500000 - 0x00007ffd3051b000 	C:\Windows\SYSTEM32\MPR.dll
0x00007ffd396b0000 - 0x00007ffd397e6000 	C:\Windows\system32\RPCRT4.dll
0x00007ffd394d0000 - 0x00007ffd39527000 	C:\Windows\SYSTEM32\sechost.dll
0x00007ffd3a1e0000 - 0x00007ffd3a3b6000 	C:\Windows\SYSTEM32\combase.dll
0x00007ffd397f0000 - 0x00007ffd39935000 	C:\Windows\system32\GDI32.dll
0x00007ffd38f00000 - 0x00007ffd38f14000 	C:\Windows\SYSTEM32\profapi.dll
0x00007ffd37540000 - 0x00007ffd375df000 	C:\Windows\SYSTEM32\SHCORE.dll
0x00007ffd3baa0000 - 0x00007ffd3bad4000 	C:\Windows\system32\IMM32.DLL
0x00007ffd39c80000 - 0x00007ffd39db9000 	C:\Windows\system32\MSCTF.dll
0x00007ffd37110000 - 0x00007ffd3736a000 	C:\Windows\WinSxS\amd64_microsoft.windows.common-controls_6595b64144ccf1df_6.0.9600.17031_none_6242a4b3ecbb55a1\COMCTL32.dll
0x0000000071390000 - 0x0000000071462000 	C:\Program Files\Java\jdk1.8.0_45\jre\bin\msvcr100.dll
0x0000000071730000 - 0x0000000071fb3000 	C:\Program Files\Java\jdk1.8.0_45\jre\bin\server\jvm.dll
0x00007ffd36ab0000 - 0x00007ffd36ab9000 	C:\Windows\SYSTEM32\WSOCK32.dll
0x00007ffd36540000 - 0x00007ffd3655f000 	C:\Windows\SYSTEM32\WINMM.dll
0x00007ffd365d0000 - 0x00007ffd365da000 	C:\Windows\SYSTEM32\VERSION.dll
0x00007ffd3a050000 - 0x00007ffd3a057000 	C:\Windows\system32\PSAPI.DLL
0x00007ffd3a480000 - 0x00007ffd3a4d8000 	C:\Windows\system32\WS2_32.dll
0x00007ffd36400000 - 0x00007ffd3642a000 	C:\Windows\SYSTEM32\WINMMBASE.dll
0x00007ffd39c70000 - 0x00007ffd39c79000 	C:\Windows\system32\NSI.dll
0x00007ffd393c0000 - 0x00007ffd3940a000 	C:\Windows\SYSTEM32\cfgmgr32.dll
0x00007ffd37d80000 - 0x00007ffd37da6000 	C:\Windows\SYSTEM32\DEVOBJ.dll
0x0000000072830000 - 0x000000007283f000 	C:\Program Files\Java\jdk1.8.0_45\jre\bin\verify.dll
0x0000000072440000 - 0x0000000072469000 	C:\Program Files\Java\jdk1.8.0_45\jre\bin\java.dll
0x0000000072420000 - 0x0000000072436000 	C:\Program Files\Java\jdk1.8.0_45\jre\bin\zip.dll

VM Arguments:
jvm_args: -Xmx1024M -Dfile.encoding=windows-1252 -Duser.country=US -Duser.language=en -Duser.variant 
java_command: com.android.dx.command.Main --dex --num-threads=4 --output G:\AndroidProjecto\AlarmKuliah\app\build\intermediates\pre-dexed\debug\classes-613dc4a09a6a02dec68ef9085a237c4f09a72b65.jar G:\AndroidProjecto\AlarmKuliah\app\build\intermediates\exploded-aar\com.android.support\support-v4\23.0.1\jars\classes.jar
java_class_path (initial): C:\Users\PERSONAL\AppData\Local\Android\sdk\build-tools\23.0.1\lib\dx.jar
Launcher Type: SUN_STANDARD

Environment Variables:
PATH=C:\oraclexe\app\oracle\product\11.2.0\server\bin;C:\ProgramData\Oracle\Java\javapath;C:\Program Files (x86)\NVIDIA Corporation\PhysX\Common;C:\Windows\system32;C:\Windows;C:\Windows\System32\Wbem;C:\Windows\System32\WindowsPowerShell\v1.0\;C:\Program Files (x86)\CodeBlocks\MinGW\bin;C:\xampp\php;C:\ProgramData\ComposerSetup\bin;C:\Users\PERSONAL\AppData\Roaming\Composer\vendor\bin;C:\adbfastboot;G:\Android Studio\gradle\gradle-2.4\bin;C:\Users\PERSONAL\AppData\Local\Android\sdk\platform-tools;C:\Program Files\MATLAB\R2014b\runtime\win64;C:\Program Files\MATLAB\R2014b\bin;C:\Program Files\nodejs\;C:\Program Files (x86)\Skype\Phone\;C:\Program Files (x86)\Heroku\bin;C:\Program Files (x86)\git\cmd;C:\Users\PERSONAL\AppData\Roaming\npm;C:\Program Files\nodejs\;C:\Users\PERSONAL\AppData\Local\atom\bin
USERNAME=PERSONAL
OS=Windows_NT
PROCESSOR_IDENTIFIER=Intel64 Family 6 Model 61 Stepping 4, GenuineIntel



---------------  S Y S T E M  ---------------

OS: Windows 8.1 , 64 bit Build 9600 (6.3.9600.17031)

CPU:total 4 (2 cores per cpu, 2 threads per core) family 6 model 61 stepping 4, cmov, cx8, fxsr, mmx, sse, sse2, sse3, ssse3, sse4.1, sse4.2, popcnt, avx, avx2, aes, clmul, erms, 3dnowpref, lzcnt, ht, tsc, tscinvbit, bmi1, bmi2, adx

Memory: 4k page, physical 4091592k(156048k free), swap 7237320k(500k free)

vm_info: Java HotSpot(TM) 64-Bit Server VM (25.45-b02) for windows-amd64 JRE (1.8.0_45-b15), built on Apr 30 2015 12:40:44 by "java_re" with MS VC++ 10.0 (VS2010)

time: Fri Dec 25 12:11:56 2015
elapsed time: 28 seconds (0d 0h 0m 28s)

